{"/Users/elukashova/Desktop/rs-school/stage03/rs-react/src/App.tsx": {"path":"/Users/elukashova/Desktop/rs-school/stage03/rs-react/src/App.tsx","statementMap":{"0":{"start":{"line":1,"column":25},"end":{"line":1,"column":null}},"1":{"start":{"line":6,"column":12},"end":{"line":16,"column":2}},"2":{"start":{"line":7,"column":2},"end":{"line":14,"column":null}},"3":{"start":{"line":11,"column":10},"end":{"line":11,"column":null}},"4":{"start":{"line":16,"column":2},"end":{"line":6,"column":12}},"5":{"start":{"line":18,"column":19},"end":{"line":18,"column":null}}},"fnMap":{"0":{"name":"(anonymous_0)","decl":{"start":{"line":1,"column":25},"end":{"line":1,"column":null}},"loc":{"start":{"line":1,"column":25},"end":{"line":1,"column":null}}},"1":{"name":"(anonymous_1)","decl":{"start":{"line":6,"column":12},"end":{"line":6,"column":31}},"loc":{"start":{"line":6,"column":31},"end":{"line":16,"column":2}}},"2":{"name":"(anonymous_2)","decl":{"start":{"line":10,"column":30},"end":{"line":10,"column":31}},"loc":{"start":{"line":10,"column":65},"end":{"line":12,"column":9}}}},"branchMap":{"0":{"loc":{"start":{"line":1,"column":25},"end":{"line":1,"column":null}},"type":"if","locations":[{"start":{"line":1,"column":25},"end":{"line":1,"column":null}}]},"1":{"loc":{"start":{"line":11,"column":40},"end":{"line":11,"column":59}},"type":"cond-expr","locations":[{"start":{"line":11,"column":48},"end":{"line":11,"column":53}},{"start":{"line":11,"column":53},"end":{"line":11,"column":59}}]}},"s":{"0":28,"1":4,"2":4,"3":16,"4":4,"5":4},"f":{"0":4,"1":4,"2":16},"b":{"0":[4],"1":[4,12]}}
,"/Users/elukashova/Desktop/rs-school/stage03/rs-react/src/entry-client.tsx": {"path":"/Users/elukashova/Desktop/rs-school/stage03/rs-react/src/entry-client.tsx","statementMap":{"0":{"start":{"line":8,"column":0},"end":{"line":14,"column":null}}},"fnMap":{},"branchMap":{},"s":{"0":4},"f":{},"b":{}}
,"/Users/elukashova/Desktop/rs-school/stage03/rs-react/src/entry-server.tsx": {"path":"/Users/elukashova/Desktop/rs-school/stage03/rs-react/src/entry-server.tsx","statementMap":{},"fnMap":{},"branchMap":{},"s":{},"f":{},"b":{}}
,"/Users/elukashova/Desktop/rs-school/stage03/rs-react/src/components/Footer/Footer.tsx": {"path":"/Users/elukashova/Desktop/rs-school/stage03/rs-react/src/components/Footer/Footer.tsx","statementMap":{"0":{"start":{"line":1,"column":25},"end":{"line":1,"column":null}},"1":{"start":{"line":6,"column":15},"end":{"line":32,"column":2}},"2":{"start":{"line":7,"column":2},"end":{"line":30,"column":null}},"3":{"start":{"line":32,"column":2},"end":{"line":6,"column":15}},"4":{"start":{"line":34,"column":22},"end":{"line":34,"column":null}}},"fnMap":{"0":{"name":"(anonymous_0)","decl":{"start":{"line":1,"column":25},"end":{"line":1,"column":null}},"loc":{"start":{"line":1,"column":25},"end":{"line":1,"column":null}}},"1":{"name":"(anonymous_1)","decl":{"start":{"line":6,"column":15},"end":{"line":6,"column":34}},"loc":{"start":{"line":6,"column":34},"end":{"line":32,"column":2}}}},"branchMap":{"0":{"loc":{"start":{"line":1,"column":25},"end":{"line":1,"column":null}},"type":"if","locations":[{"start":{"line":1,"column":25},"end":{"line":1,"column":null}}]}},"s":{"0":28,"1":4,"2":4,"3":4,"4":4},"f":{"0":4,"1":4},"b":{"0":[4]}}
,"/Users/elukashova/Desktop/rs-school/stage03/rs-react/src/components/FormsComponents/Form/Form.tsx": {"path":"/Users/elukashova/Desktop/rs-school/stage03/rs-react/src/components/FormsComponents/Form/Form.tsx","statementMap":{"0":{"start":{"line":15,"column":13},"end":{"line":173,"column":2}},"1":{"start":{"line":15,"column":32},"end":{"line":15,"column":null}},"2":{"start":{"line":21,"column":6},"end":{"line":25,"column":null}},"3":{"start":{"line":26,"column":68},"end":{"line":26,"column":null}},"4":{"start":{"line":27,"column":37},"end":{"line":27,"column":null}},"5":{"start":{"line":29,"column":19},"end":{"line":29,"column":null}},"6":{"start":{"line":30,"column":18},"end":{"line":30,"column":null}},"7":{"start":{"line":30,"column":55},"end":{"line":30,"column":73}},"8":{"start":{"line":32,"column":19},"end":{"line":41,"column":null}},"9":{"start":{"line":33,"column":4},"end":{"line":33,"column":null}},"10":{"start":{"line":33,"column":21},"end":{"line":33,"column":30}},"11":{"start":{"line":36,"column":6},"end":{"line":36,"column":null}},"12":{"start":{"line":37,"column":4},"end":{"line":39,"column":null}},"13":{"start":{"line":38,"column":12},"end":{"line":38,"column":null}},"14":{"start":{"line":43,"column":2},"end":{"line":171,"column":null}},"15":{"start":{"line":74,"column":12},"end":{"line":76,"column":null}},"16":{"start":{"line":114,"column":12},"end":{"line":119,"column":null}},"17":{"start":{"line":173,"column":2},"end":{"line":30,"column":33}},"18":{"start":{"line":15,"column":10},"end":{"line":30,"column":33}},"19":{"start":{"line":30,"column":32},"end":{"line":15,"column":10}},"20":{"start":{"line":175,"column":20},"end":{"line":175,"column":null}}},"fnMap":{"0":{"name":"(anonymous_1)","decl":{"start":{"line":15,"column":13},"end":{"line":15,"column":32}},"loc":{"start":{"line":15,"column":32},"end":{"line":173,"column":2}}},"1":{"name":"(anonymous_2)","decl":{"start":{"line":30,"column":33},"end":{"line":30,"column":34}},"loc":{"start":{"line":30,"column":55},"end":{"line":30,"column":73}}},"2":{"name":"(anonymous_3)","decl":{"start":{"line":32,"column":19},"end":{"line":32,"column":20}},"loc":{"start":{"line":32,"column":39},"end":{"line":41,"column":null}}},"3":{"name":"(anonymous_4)","decl":{"start":{"line":33,"column":15},"end":{"line":33,"column":21}},"loc":{"start":{"line":33,"column":21},"end":{"line":33,"column":30}}},"4":{"name":"(anonymous_5)","decl":{"start":{"line":38,"column":6},"end":{"line":38,"column":12}},"loc":{"start":{"line":38,"column":12},"end":{"line":38,"column":null}}},"5":{"name":"(anonymous_6)","decl":{"start":{"line":73,"column":21},"end":{"line":73,"column":null}},"loc":{"start":{"line":74,"column":12},"end":{"line":76,"column":null}}},"6":{"name":"(anonymous_7)","decl":{"start":{"line":113,"column":33},"end":{"line":113,"column":null}},"loc":{"start":{"line":114,"column":12},"end":{"line":119,"column":null}}},"7":{"name":"(anonymous_8)","decl":{"start":{"line":15,"column":10},"end":{"line":15,"column":13}},"loc":{"start":{"line":15,"column":10},"end":{"line":30,"column":33}}}},"branchMap":{"0":{"loc":{"start":{"line":36,"column":6},"end":{"line":36,"column":null}},"type":"cond-expr","locations":[{"start":{"line":36,"column":41},"end":{"line":36,"column":56}},{"start":{"line":36,"column":56},"end":{"line":36,"column":null}}]},"1":{"loc":{"start":{"line":58,"column":9},"end":{"line":58,"column":null}},"type":"binary-expr","locations":[{"start":{"line":58,"column":9},"end":{"line":58,"column":31}},{"start":{"line":58,"column":31},"end":{"line":58,"column":null}}]},"2":{"loc":{"start":{"line":79,"column":9},"end":{"line":79,"column":null}},"type":"binary-expr","locations":[{"start":{"line":79,"column":9},"end":{"line":79,"column":23}},{"start":{"line":79,"column":23},"end":{"line":79,"column":null}}]},"3":{"loc":{"start":{"line":94,"column":11},"end":{"line":94,"column":null}},"type":"binary-expr","locations":[{"start":{"line":94,"column":11},"end":{"line":94,"column":36}},{"start":{"line":94,"column":36},"end":{"line":94,"column":null}}]},"4":{"loc":{"start":{"line":106,"column":11},"end":{"line":106,"column":null}},"type":"binary-expr","locations":[{"start":{"line":106,"column":11},"end":{"line":106,"column":38}},{"start":{"line":106,"column":38},"end":{"line":106,"column":null}}]},"5":{"loc":{"start":{"line":123,"column":9},"end":{"line":123,"column":null}},"type":"binary-expr","locations":[{"start":{"line":123,"column":9},"end":{"line":123,"column":26}},{"start":{"line":123,"column":26},"end":{"line":123,"column":null}}]},"6":{"loc":{"start":{"line":138,"column":9},"end":{"line":138,"column":null}},"type":"binary-expr","locations":[{"start":{"line":138,"column":9},"end":{"line":138,"column":32}},{"start":{"line":138,"column":32},"end":{"line":138,"column":null}}]},"7":{"loc":{"start":{"line":154,"column":9},"end":{"line":154,"column":null}},"type":"binary-expr","locations":[{"start":{"line":154,"column":9},"end":{"line":154,"column":27}},{"start":{"line":154,"column":27},"end":{"line":154,"column":null}}]},"8":{"loc":{"start":{"line":165,"column":9},"end":{"line":168,"column":null}},"type":"binary-expr","locations":[{"start":{"line":165,"column":9},"end":{"line":165,"column":null}},{"start":{"line":166,"column":10},"end":{"line":168,"column":null}}]}},"s":{"0":4,"1":12,"2":12,"3":12,"4":12,"5":12,"6":12,"7":12,"8":12,"9":1,"10":0,"11":1,"12":0,"13":0,"14":12,"15":96,"16":60,"17":4,"18":4,"19":4,"20":4},"f":{"0":12,"1":12,"2":1,"3":0,"4":0,"5":96,"6":60,"7":4},"b":{"0":[0,1],"1":[12,3],"2":[12,3],"3":[12,2],"4":[12,3],"5":[12,3],"6":[12,3],"7":[12,3],"8":[12,0]}}
,"/Users/elukashova/Desktop/rs-school/stage03/rs-react/src/components/FormsComponents/Form/Input/Input.tsx": {"path":"/Users/elukashova/Desktop/rs-school/stage03/rs-react/src/components/FormsComponents/Form/Input/Input.tsx","statementMap":{"0":{"start":{"line":1,"column":39},"end":{"line":1,"column":null}},"1":{"start":{"line":18,"column":19},"end":{"line":28,"column":2}},"2":{"start":{"line":19,"column":68},"end":{"line":19,"column":null}},"3":{"start":{"line":20,"column":2},"end":{"line":26,"column":null}},"4":{"start":{"line":28,"column":2},"end":{"line":18,"column":19}},"5":{"start":{"line":30,"column":26},"end":{"line":30,"column":null}}},"fnMap":{"0":{"name":"(anonymous_0)","decl":{"start":{"line":1,"column":39},"end":{"line":1,"column":null}},"loc":{"start":{"line":1,"column":39},"end":{"line":1,"column":null}}},"1":{"name":"(anonymous_1)","decl":{"start":{"line":18,"column":19},"end":{"line":18,"column":20}},"loc":{"start":{"line":18,"column":50},"end":{"line":28,"column":2}}}},"branchMap":{"0":{"loc":{"start":{"line":1,"column":39},"end":{"line":1,"column":null}},"type":"if","locations":[{"start":{"line":1,"column":39},"end":{"line":1,"column":null}}]},"1":{"loc":{"start":{"line":22,"column":24},"end":{"line":22,"column":null}},"type":"cond-expr","locations":[{"start":{"line":22,"column":37},"end":{"line":22,"column":58}},{"start":{"line":22,"column":58},"end":{"line":22,"column":null}}]}},"s":{"0":28,"1":4,"2":48,"3":48,"4":4,"5":4},"f":{"0":4,"1":48},"b":{"0":[4],"1":[0,48]}}
,"/Users/elukashova/Desktop/rs-school/stage03/rs-react/src/components/FormsComponents/Form/RadioStar/Star.tsx": {"path":"/Users/elukashova/Desktop/rs-school/stage03/rs-react/src/components/FormsComponents/Form/RadioStar/Star.tsx","statementMap":{"0":{"start":{"line":1,"column":38},"end":{"line":1,"column":null}},"1":{"start":{"line":10,"column":18},"end":{"line":27,"column":2}},"2":{"start":{"line":11,"column":2},"end":{"line":25,"column":null}},"3":{"start":{"line":27,"column":2},"end":{"line":10,"column":18}},"4":{"start":{"line":28,"column":25},"end":{"line":28,"column":null}}},"fnMap":{"0":{"name":"(anonymous_0)","decl":{"start":{"line":1,"column":38},"end":{"line":1,"column":null}},"loc":{"start":{"line":1,"column":38},"end":{"line":1,"column":null}}},"1":{"name":"(anonymous_1)","decl":{"start":{"line":10,"column":18},"end":{"line":10,"column":19}},"loc":{"start":{"line":10,"column":64},"end":{"line":27,"column":2}}}},"branchMap":{"0":{"loc":{"start":{"line":1,"column":38},"end":{"line":1,"column":null}},"type":"if","locations":[{"start":{"line":1,"column":38},"end":{"line":1,"column":null}}]}},"s":{"0":28,"1":4,"2":60,"3":4,"4":4},"f":{"0":4,"1":60},"b":{"0":[4]}}
,"/Users/elukashova/Desktop/rs-school/stage03/rs-react/src/components/FormsComponents/Form/Validation/Validation.tsx": {"path":"/Users/elukashova/Desktop/rs-school/stage03/rs-react/src/components/FormsComponents/Form/Validation/Validation.tsx","statementMap":{"0":{"start":{"line":5,"column":22},"end":{"line":34,"column":2}},"1":{"start":{"line":5,"column":44},"end":{"line":5,"column":null}},"2":{"start":{"line":6,"column":32},"end":{"line":6,"column":null}},"3":{"start":{"line":7,"column":30},"end":{"line":10,"column":null}},"4":{"start":{"line":12,"column":23},"end":{"line":16,"column":null}},"5":{"start":{"line":13,"column":4},"end":{"line":15,"column":null}},"6":{"start":{"line":14,"column":6},"end":{"line":14,"column":null}},"7":{"start":{"line":18,"column":26},"end":{"line":20,"column":null}},"8":{"start":{"line":19,"column":4},"end":{"line":19,"column":null}},"9":{"start":{"line":22,"column":31},"end":{"line":26,"column":null}},"10":{"start":{"line":24,"column":6},"end":{"line":24,"column":null}},"11":{"start":{"line":25,"column":33},"end":{"line":25,"column":null}},"12":{"start":{"line":28,"column":33},"end":{"line":31,"column":null}},"13":{"start":{"line":30,"column":6},"end":{"line":30,"column":null}},"14":{"start":{"line":33,"column":2},"end":{"line":33,"column":null}},"15":{"start":{"line":34,"column":2},"end":{"line":5,"column":22}}},"fnMap":{"0":{"name":"(anonymous_1)","decl":{"start":{"line":5,"column":22},"end":{"line":5,"column":44}},"loc":{"start":{"line":5,"column":44},"end":{"line":34,"column":2}}},"1":{"name":"(anonymous_2)","decl":{"start":{"line":12,"column":23},"end":{"line":12,"column":24}},"loc":{"start":{"line":12,"column":73},"end":{"line":16,"column":null}}},"2":{"name":"(anonymous_3)","decl":{"start":{"line":18,"column":26},"end":{"line":18,"column":27}},"loc":{"start":{"line":18,"column":76},"end":{"line":20,"column":null}}},"3":{"name":"(anonymous_4)","decl":{"start":{"line":23,"column":14},"end":{"line":23,"column":15}},"loc":{"start":{"line":24,"column":6},"end":{"line":24,"column":null}}},"4":{"name":"(anonymous_5)","decl":{"start":{"line":25,"column":15},"end":{"line":25,"column":16}},"loc":{"start":{"line":25,"column":33},"end":{"line":25,"column":null}}},"5":{"name":"(anonymous_6)","decl":{"start":{"line":29,"column":21},"end":{"line":29,"column":null}},"loc":{"start":{"line":30,"column":6},"end":{"line":30,"column":null}}}},"branchMap":{"0":{"loc":{"start":{"line":13,"column":4},"end":{"line":15,"column":null}},"type":"if","locations":[{"start":{"line":13,"column":4},"end":{"line":15,"column":null}}]},"1":{"loc":{"start":{"line":24,"column":6},"end":{"line":24,"column":null}},"type":"binary-expr","locations":[{"start":{"line":24,"column":6},"end":{"line":24,"column":80}},{"start":{"line":24,"column":80},"end":{"line":24,"column":null}}]},"2":{"loc":{"start":{"line":25,"column":33},"end":{"line":25,"column":null}},"type":"binary-expr","locations":[{"start":{"line":25,"column":33},"end":{"line":25,"column":83}},{"start":{"line":25,"column":83},"end":{"line":25,"column":null}}]},"3":{"loc":{"start":{"line":30,"column":6},"end":{"line":30,"column":null}},"type":"binary-expr","locations":[{"start":{"line":30,"column":6},"end":{"line":30,"column":74}},{"start":{"line":30,"column":74},"end":{"line":30,"column":null}}]}},"s":{"0":4,"1":12,"2":12,"3":12,"4":12,"5":2,"6":2,"7":12,"8":2,"9":12,"10":8,"11":4,"12":12,"13":4,"14":12,"15":4},"f":{"0":12,"1":2,"2":2,"3":8,"4":4,"5":4},"b":{"0":[2],"1":[8,4],"2":[4,3],"3":[4,3]}}
,"/Users/elukashova/Desktop/rs-school/stage03/rs-react/src/components/FormsComponents/Form/Validation/Error/Error.consts.tsx": {"path":"/Users/elukashova/Desktop/rs-school/stage03/rs-react/src/components/FormsComponents/Form/Validation/Error/Error.consts.tsx","statementMap":{"0":{"start":{"line":1,"column":7},"end":{"line":1,"column":null}},"1":{"start":{"line":2,"column":2},"end":{"line":2,"column":null}},"2":{"start":{"line":3,"column":2},"end":{"line":3,"column":null}},"3":{"start":{"line":4,"column":2},"end":{"line":4,"column":null}},"4":{"start":{"line":5,"column":2},"end":{"line":5,"column":null}},"5":{"start":{"line":6,"column":2},"end":{"line":6,"column":null}},"6":{"start":{"line":1,"column":12},"end":{"line":1,"column":null}}},"fnMap":{"0":{"name":"(anonymous_0)","decl":{"start":{"line":1,"column":7},"end":{"line":1,"column":12}},"loc":{"start":{"line":1,"column":7},"end":{"line":1,"column":null}}}},"branchMap":{"0":{"loc":{"start":{"line":1,"column":12},"end":{"line":1,"column":null}},"type":"binary-expr","locations":[{"start":{"line":1,"column":12},"end":{"line":1,"column":null}},{"start":{"line":1,"column":12},"end":{"line":1,"column":null}}]}},"s":{"0":4,"1":4,"2":4,"3":4,"4":4,"5":4,"6":4},"f":{"0":4},"b":{"0":[4,4]}}
,"/Users/elukashova/Desktop/rs-school/stage03/rs-react/src/components/FormsComponents/Form/Validation/Error/Error.tsx": {"path":"/Users/elukashova/Desktop/rs-school/stage03/rs-react/src/components/FormsComponents/Form/Validation/Error/Error.tsx","statementMap":{"0":{"start":{"line":1,"column":39},"end":{"line":1,"column":null}},"1":{"start":{"line":8,"column":24},"end":{"line":17,"column":2}},"2":{"start":{"line":9,"column":2},"end":{"line":15,"column":null}},"3":{"start":{"line":17,"column":2},"end":{"line":8,"column":24}},"4":{"start":{"line":19,"column":31},"end":{"line":19,"column":null}}},"fnMap":{"0":{"name":"(anonymous_0)","decl":{"start":{"line":1,"column":39},"end":{"line":1,"column":null}},"loc":{"start":{"line":1,"column":39},"end":{"line":1,"column":null}}},"1":{"name":"(anonymous_1)","decl":{"start":{"line":8,"column":24},"end":{"line":8,"column":25}},"loc":{"start":{"line":8,"column":61},"end":{"line":17,"column":2}}}},"branchMap":{"0":{"loc":{"start":{"line":1,"column":39},"end":{"line":1,"column":null}},"type":"if","locations":[{"start":{"line":1,"column":39},"end":{"line":1,"column":null}}]}},"s":{"0":28,"1":4,"2":20,"3":4,"4":4},"f":{"0":4,"1":20},"b":{"0":[4]}}
,"/Users/elukashova/Desktop/rs-school/stage03/rs-react/src/components/FormsComponents/ReviewCard/ReviewCard.tsx": {"path":"/Users/elukashova/Desktop/rs-school/stage03/rs-react/src/components/FormsComponents/ReviewCard/ReviewCard.tsx","statementMap":{"0":{"start":{"line":1,"column":25},"end":{"line":1,"column":null}},"1":{"start":{"line":7,"column":19},"end":{"line":39,"column":2}},"2":{"start":{"line":8,"column":59},"end":{"line":8,"column":null}},"3":{"start":{"line":9,"column":2},"end":{"line":37,"column":null}},"4":{"start":{"line":39,"column":2},"end":{"line":7,"column":19}},"5":{"start":{"line":41,"column":26},"end":{"line":41,"column":null}}},"fnMap":{"0":{"name":"(anonymous_0)","decl":{"start":{"line":1,"column":25},"end":{"line":1,"column":null}},"loc":{"start":{"line":1,"column":25},"end":{"line":1,"column":null}}},"1":{"name":"(anonymous_1)","decl":{"start":{"line":7,"column":19},"end":{"line":7,"column":20}},"loc":{"start":{"line":7,"column":52},"end":{"line":39,"column":2}}}},"branchMap":{"0":{"loc":{"start":{"line":1,"column":25},"end":{"line":1,"column":null}},"type":"if","locations":[{"start":{"line":1,"column":25},"end":{"line":1,"column":null}}]}},"s":{"0":28,"1":4,"2":0,"3":0,"4":4,"5":4},"f":{"0":4,"1":0},"b":{"0":[4]}}
,"/Users/elukashova/Desktop/rs-school/stage03/rs-react/src/components/FormsComponents/ReviewCard/Rating/Rating.tsx": {"path":"/Users/elukashova/Desktop/rs-school/stage03/rs-react/src/components/FormsComponents/ReviewCard/Rating/Rating.tsx","statementMap":{"0":{"start":{"line":1,"column":25},"end":{"line":1,"column":null}},"1":{"start":{"line":8,"column":15},"end":{"line":35,"column":2}},"2":{"start":{"line":9,"column":35},"end":{"line":9,"column":null}},"3":{"start":{"line":11,"column":22},"end":{"line":19,"column":null}},"4":{"start":{"line":12,"column":25},"end":{"line":12,"column":null}},"5":{"start":{"line":13,"column":28},"end":{"line":13,"column":null}},"6":{"start":{"line":15,"column":4},"end":{"line":17,"column":null}},"7":{"start":{"line":16,"column":6},"end":{"line":16,"column":null}},"8":{"start":{"line":18,"column":4},"end":{"line":18,"column":null}},"9":{"start":{"line":21,"column":2},"end":{"line":33,"column":null}},"10":{"start":{"line":26,"column":10},"end":{"line":30,"column":null}},"11":{"start":{"line":35,"column":2},"end":{"line":8,"column":15}},"12":{"start":{"line":37,"column":22},"end":{"line":37,"column":null}}},"fnMap":{"0":{"name":"(anonymous_0)","decl":{"start":{"line":1,"column":25},"end":{"line":1,"column":null}},"loc":{"start":{"line":1,"column":25},"end":{"line":1,"column":null}}},"1":{"name":"(anonymous_1)","decl":{"start":{"line":8,"column":15},"end":{"line":8,"column":16}},"loc":{"start":{"line":8,"column":51},"end":{"line":35,"column":2}}},"2":{"name":"(anonymous_2)","decl":{"start":{"line":11,"column":22},"end":{"line":11,"column":23}},"loc":{"start":{"line":11,"column":53},"end":{"line":19,"column":null}}},"3":{"name":"(anonymous_3)","decl":{"start":{"line":25,"column":29},"end":{"line":25,"column":null}},"loc":{"start":{"line":26,"column":10},"end":{"line":30,"column":null}}}},"branchMap":{"0":{"loc":{"start":{"line":1,"column":25},"end":{"line":1,"column":null}},"type":"if","locations":[{"start":{"line":1,"column":25},"end":{"line":1,"column":null}}]},"1":{"loc":{"start":{"line":15,"column":4},"end":{"line":17,"column":null}},"type":"if","locations":[{"start":{"line":15,"column":4},"end":{"line":17,"column":null}}]}},"s":{"0":28,"1":4,"2":0,"3":0,"4":0,"5":0,"6":0,"7":0,"8":0,"9":0,"10":0,"11":4,"12":4},"f":{"0":4,"1":0,"2":0,"3":0},"b":{"0":[4],"1":[0]}}
,"/Users/elukashova/Desktop/rs-school/stage03/rs-react/src/components/FormsComponents/ReviewsList/ReviewsList.tsx": {"path":"/Users/elukashova/Desktop/rs-school/stage03/rs-react/src/components/FormsComponents/ReviewsList/ReviewsList.tsx","statementMap":{"0":{"start":{"line":8,"column":20},"end":{"line":18,"column":2}},"1":{"start":{"line":8,"column":39},"end":{"line":8,"column":null}},"2":{"start":{"line":9,"column":18},"end":{"line":9,"column":null}},"3":{"start":{"line":9,"column":55},"end":{"line":9,"column":73}},"4":{"start":{"line":11,"column":2},"end":{"line":16,"column":null}},"5":{"start":{"line":14,"column":8},"end":{"line":14,"column":null}},"6":{"start":{"line":18,"column":2},"end":{"line":9,"column":33}},"7":{"start":{"line":8,"column":17},"end":{"line":9,"column":33}},"8":{"start":{"line":9,"column":32},"end":{"line":8,"column":17}},"9":{"start":{"line":20,"column":27},"end":{"line":20,"column":null}}},"fnMap":{"0":{"name":"(anonymous_1)","decl":{"start":{"line":8,"column":20},"end":{"line":8,"column":39}},"loc":{"start":{"line":8,"column":39},"end":{"line":18,"column":2}}},"1":{"name":"(anonymous_2)","decl":{"start":{"line":9,"column":33},"end":{"line":9,"column":34}},"loc":{"start":{"line":9,"column":55},"end":{"line":9,"column":73}}},"2":{"name":"(anonymous_3)","decl":{"start":{"line":13,"column":19},"end":{"line":13,"column":20}},"loc":{"start":{"line":14,"column":8},"end":{"line":14,"column":null}}},"3":{"name":"(anonymous_4)","decl":{"start":{"line":8,"column":17},"end":{"line":8,"column":20}},"loc":{"start":{"line":8,"column":17},"end":{"line":9,"column":33}}}},"branchMap":{},"s":{"0":4,"1":4,"2":4,"3":4,"4":4,"5":0,"6":4,"7":4,"8":4,"9":4},"f":{"0":4,"1":4,"2":0,"3":4},"b":{}}
,"/Users/elukashova/Desktop/rs-school/stage03/rs-react/src/components/Header/Header.tsx": {"path":"/Users/elukashova/Desktop/rs-school/stage03/rs-react/src/components/Header/Header.tsx","statementMap":{"0":{"start":{"line":1,"column":25},"end":{"line":1,"column":null}},"1":{"start":{"line":9,"column":15},"end":{"line":34,"column":2}},"2":{"start":{"line":10,"column":2},"end":{"line":32,"column":null}},"3":{"start":{"line":16,"column":14},"end":{"line":16,"column":null}},"4":{"start":{"line":34,"column":2},"end":{"line":9,"column":15}},"5":{"start":{"line":36,"column":22},"end":{"line":36,"column":null}}},"fnMap":{"0":{"name":"(anonymous_0)","decl":{"start":{"line":1,"column":25},"end":{"line":1,"column":null}},"loc":{"start":{"line":1,"column":25},"end":{"line":1,"column":null}}},"1":{"name":"(anonymous_1)","decl":{"start":{"line":9,"column":15},"end":{"line":9,"column":34}},"loc":{"start":{"line":9,"column":34},"end":{"line":34,"column":2}}},"2":{"name":"(anonymous_2)","decl":{"start":{"line":15,"column":34},"end":{"line":15,"column":35}},"loc":{"start":{"line":15,"column":73},"end":{"line":17,"column":13}}}},"branchMap":{"0":{"loc":{"start":{"line":1,"column":25},"end":{"line":1,"column":null}},"type":"if","locations":[{"start":{"line":1,"column":25},"end":{"line":1,"column":null}}]}},"s":{"0":28,"1":4,"2":4,"3":16,"4":4,"5":4},"f":{"0":4,"1":4,"2":16},"b":{"0":[4]}}
,"/Users/elukashova/Desktop/rs-school/stage03/rs-react/src/components/HomeComponents/Card/Card.tsx": {"path":"/Users/elukashova/Desktop/rs-school/stage03/rs-react/src/components/HomeComponents/Card/Card.tsx","statementMap":{"0":{"start":{"line":12,"column":13},"end":{"line":45,"column":2}},"1":{"start":{"line":12,"column":44},"end":{"line":12,"column":null}},"2":{"start":{"line":13,"column":45},"end":{"line":13,"column":null}},"3":{"start":{"line":14,"column":19},"end":{"line":14,"column":null}},"4":{"start":{"line":16,"column":22},"end":{"line":19,"column":null}},"5":{"start":{"line":17,"column":4},"end":{"line":17,"column":null}},"6":{"start":{"line":18,"column":4},"end":{"line":18,"column":null}},"7":{"start":{"line":21,"column":2},"end":{"line":43,"column":null}},"8":{"start":{"line":45,"column":2},"end":{"line":14,"column":null}},"9":{"start":{"line":12,"column":10},"end":{"line":14,"column":null}},"10":{"start":{"line":14,"column":33},"end":{"line":12,"column":10}},"11":{"start":{"line":47,"column":20},"end":{"line":47,"column":null}}},"fnMap":{"0":{"name":"(anonymous_1)","decl":{"start":{"line":12,"column":13},"end":{"line":12,"column":14}},"loc":{"start":{"line":12,"column":44},"end":{"line":45,"column":2}}},"1":{"name":"(anonymous_2)","decl":{"start":{"line":16,"column":22},"end":{"line":16,"column":23}},"loc":{"start":{"line":16,"column":60},"end":{"line":19,"column":null}}},"2":{"name":"(anonymous_3)","decl":{"start":{"line":12,"column":10},"end":{"line":12,"column":13}},"loc":{"start":{"line":12,"column":10},"end":{"line":14,"column":null}}}},"branchMap":{},"s":{"0":4,"1":0,"2":0,"3":0,"4":0,"5":0,"6":0,"7":0,"8":4,"9":0,"10":4,"11":4},"f":{"0":0,"1":0,"2":0},"b":{}}
,"/Users/elukashova/Desktop/rs-school/stage03/rs-react/src/components/HomeComponents/Catalogue/Catalogue.tsx": {"path":"/Users/elukashova/Desktop/rs-school/stage03/rs-react/src/components/HomeComponents/Catalogue/Catalogue.tsx","statementMap":{"0":{"start":{"line":12,"column":18},"end":{"line":37,"column":2}},"1":{"start":{"line":12,"column":37},"end":{"line":12,"column":null}},"2":{"start":{"line":13,"column":19},"end":{"line":13,"column":null}},"3":{"start":{"line":14,"column":51},"end":{"line":14,"column":null}},"4":{"start":{"line":14,"column":88},"end":{"line":14,"column":97}},"5":{"start":{"line":16,"column":2},"end":{"line":19,"column":null}},"6":{"start":{"line":17,"column":23},"end":{"line":17,"column":null}},"7":{"start":{"line":18,"column":4},"end":{"line":18,"column":null}},"8":{"start":{"line":21,"column":2},"end":{"line":35,"column":null}},"9":{"start":{"line":26,"column":58},"end":{"line":26,"column":91}},"10":{"start":{"line":37,"column":2},"end":{"line":14,"column":66}},"11":{"start":{"line":12,"column":15},"end":{"line":14,"column":66}},"12":{"start":{"line":14,"column":65},"end":{"line":12,"column":15}},"13":{"start":{"line":39,"column":25},"end":{"line":39,"column":null}}},"fnMap":{"0":{"name":"(anonymous_1)","decl":{"start":{"line":12,"column":18},"end":{"line":12,"column":37}},"loc":{"start":{"line":12,"column":37},"end":{"line":37,"column":2}}},"1":{"name":"(anonymous_2)","decl":{"start":{"line":14,"column":66},"end":{"line":14,"column":67}},"loc":{"start":{"line":14,"column":88},"end":{"line":14,"column":97}}},"2":{"name":"(anonymous_3)","decl":{"start":{"line":16,"column":12},"end":{"line":16,"column":18}},"loc":{"start":{"line":16,"column":18},"end":{"line":19,"column":5}}},"3":{"name":"(anonymous_4)","decl":{"start":{"line":26,"column":43},"end":{"line":26,"column":44}},"loc":{"start":{"line":26,"column":58},"end":{"line":26,"column":91}}},"4":{"name":"(anonymous_5)","decl":{"start":{"line":12,"column":15},"end":{"line":12,"column":18}},"loc":{"start":{"line":12,"column":15},"end":{"line":14,"column":66}}}},"branchMap":{"0":{"loc":{"start":{"line":17,"column":23},"end":{"line":17,"column":null}},"type":"cond-expr","locations":[{"start":{"line":17,"column":32},"end":{"line":17,"column":70}},{"start":{"line":17,"column":70},"end":{"line":17,"column":null}}]},"1":{"loc":{"start":{"line":23,"column":7},"end":{"line":23,"column":null}},"type":"binary-expr","locations":[{"start":{"line":23,"column":7},"end":{"line":23,"column":20}},{"start":{"line":23,"column":20},"end":{"line":23,"column":null}}]},"2":{"loc":{"start":{"line":24,"column":7},"end":{"line":33,"column":null}},"type":"binary-expr","locations":[{"start":{"line":24,"column":7},"end":{"line":24,"column":null}},{"start":{"line":25,"column":8},"end":{"line":33,"column":null}}]},"3":{"loc":{"start":{"line":26,"column":11},"end":{"line":26,"column":null}},"type":"binary-expr","locations":[{"start":{"line":26,"column":11},"end":{"line":26,"column":32}},{"start":{"line":26,"column":32},"end":{"line":26,"column":null}}]},"4":{"loc":{"start":{"line":27,"column":11},"end":{"line":30,"column":null}},"type":"binary-expr","locations":[{"start":{"line":27,"column":11},"end":{"line":27,"column":null}},{"start":{"line":28,"column":12},"end":{"line":30,"column":null}}]},"5":{"loc":{"start":{"line":32,"column":11},"end":{"line":32,"column":null}},"type":"binary-expr","locations":[{"start":{"line":32,"column":11},"end":{"line":32,"column":25}},{"start":{"line":32,"column":25},"end":{"line":32,"column":null}}]}},"s":{"0":4,"1":0,"2":0,"3":0,"4":0,"5":0,"6":0,"7":0,"8":0,"9":0,"10":4,"11":0,"12":4,"13":4},"f":{"0":0,"1":0,"2":0,"3":0,"4":0},"b":{"0":[0,0],"1":[0,0],"2":[0,0],"3":[0,0],"4":[0,0],"5":[0,0]}}
,"/Users/elukashova/Desktop/rs-school/stage03/rs-react/src/components/HomeComponents/Loader/Loader.tsx": {"path":"/Users/elukashova/Desktop/rs-school/stage03/rs-react/src/components/HomeComponents/Loader/Loader.tsx","statementMap":{"0":{"start":{"line":1,"column":25},"end":{"line":1,"column":null}},"1":{"start":{"line":4,"column":26},"end":{"line":13,"column":2}},"2":{"start":{"line":5,"column":2},"end":{"line":11,"column":null}},"3":{"start":{"line":13,"column":2},"end":{"line":4,"column":26}},"4":{"start":{"line":15,"column":33},"end":{"line":15,"column":null}}},"fnMap":{"0":{"name":"(anonymous_0)","decl":{"start":{"line":1,"column":25},"end":{"line":1,"column":null}},"loc":{"start":{"line":1,"column":25},"end":{"line":1,"column":null}}},"1":{"name":"(anonymous_1)","decl":{"start":{"line":4,"column":26},"end":{"line":4,"column":45}},"loc":{"start":{"line":4,"column":45},"end":{"line":13,"column":2}}}},"branchMap":{"0":{"loc":{"start":{"line":1,"column":25},"end":{"line":1,"column":null}},"type":"if","locations":[{"start":{"line":1,"column":25},"end":{"line":1,"column":null}}]}},"s":{"0":28,"1":4,"2":0,"3":4,"4":4},"f":{"0":4,"1":0},"b":{"0":[4]}}
,"/Users/elukashova/Desktop/rs-school/stage03/rs-react/src/components/HomeComponents/Modal/Modal.tsx": {"path":"/Users/elukashova/Desktop/rs-school/stage03/rs-react/src/components/HomeComponents/Modal/Modal.tsx","statementMap":{"0":{"start":{"line":7,"column":14},"end":{"line":53,"column":2}},"1":{"start":{"line":7,"column":33},"end":{"line":7,"column":null}},"2":{"start":{"line":8,"column":19},"end":{"line":8,"column":null}},"3":{"start":{"line":9,"column":26},"end":{"line":9,"column":null}},"4":{"start":{"line":9,"column":63},"end":{"line":9,"column":72}},"5":{"start":{"line":11,"column":22},"end":{"line":18,"column":null}},"6":{"start":{"line":12,"column":4},"end":{"line":17,"column":null}},"7":{"start":{"line":16,"column":6},"end":{"line":16,"column":null}},"8":{"start":{"line":20,"column":2},"end":{"line":51,"column":null}},"9":{"start":{"line":53,"column":2},"end":{"line":9,"column":41}},"10":{"start":{"line":7,"column":11},"end":{"line":9,"column":41}},"11":{"start":{"line":9,"column":40},"end":{"line":7,"column":11}},"12":{"start":{"line":55,"column":21},"end":{"line":55,"column":null}}},"fnMap":{"0":{"name":"(anonymous_1)","decl":{"start":{"line":7,"column":14},"end":{"line":7,"column":33}},"loc":{"start":{"line":7,"column":33},"end":{"line":53,"column":2}}},"1":{"name":"(anonymous_2)","decl":{"start":{"line":9,"column":41},"end":{"line":9,"column":42}},"loc":{"start":{"line":9,"column":63},"end":{"line":9,"column":72}}},"2":{"name":"(anonymous_3)","decl":{"start":{"line":11,"column":22},"end":{"line":11,"column":23}},"loc":{"start":{"line":11,"column":45},"end":{"line":18,"column":null}}},"3":{"name":"(anonymous_4)","decl":{"start":{"line":7,"column":11},"end":{"line":7,"column":14}},"loc":{"start":{"line":7,"column":11},"end":{"line":9,"column":41}}}},"branchMap":{"0":{"loc":{"start":{"line":12,"column":4},"end":{"line":17,"column":null}},"type":"if","locations":[{"start":{"line":12,"column":4},"end":{"line":17,"column":null}}]},"1":{"loc":{"start":{"line":13,"column":6},"end":{"line":14,"column":null}},"type":"binary-expr","locations":[{"start":{"line":13,"column":6},"end":{"line":13,"column":null}},{"start":{"line":14,"column":7},"end":{"line":14,"column":52}},{"start":{"line":14,"column":52},"end":{"line":14,"column":null}}]},"2":{"loc":{"start":{"line":22,"column":7},"end":{"line":49,"column":null}},"type":"binary-expr","locations":[{"start":{"line":22,"column":7},"end":{"line":22,"column":null}},{"start":{"line":23,"column":8},"end":{"line":49,"column":null}}]}},"s":{"0":4,"1":0,"2":0,"3":0,"4":0,"5":0,"6":0,"7":0,"8":0,"9":4,"10":0,"11":4,"12":4},"f":{"0":0,"1":0,"2":0,"3":0},"b":{"0":[0],"1":[0,0,0],"2":[0,0]}}
,"/Users/elukashova/Desktop/rs-school/stage03/rs-react/src/components/HomeComponents/SearchBar/SearchBar.tsx": {"path":"/Users/elukashova/Desktop/rs-school/stage03/rs-react/src/components/HomeComponents/SearchBar/SearchBar.tsx","statementMap":{"0":{"start":{"line":7,"column":18},"end":{"line":48,"column":2}},"1":{"start":{"line":7,"column":37},"end":{"line":7,"column":null}},"2":{"start":{"line":8,"column":19},"end":{"line":8,"column":null}},"3":{"start":{"line":9,"column":23},"end":{"line":9,"column":null}},"4":{"start":{"line":9,"column":60},"end":{"line":9,"column":75}},"5":{"start":{"line":10,"column":40},"end":{"line":10,"column":null}},"6":{"start":{"line":12,"column":45},"end":{"line":16,"column":null}},"7":{"start":{"line":13,"column":4},"end":{"line":15,"column":null}},"8":{"start":{"line":14,"column":6},"end":{"line":14,"column":null}},"9":{"start":{"line":18,"column":63},"end":{"line":27,"column":null}},"10":{"start":{"line":21,"column":4},"end":{"line":26,"column":null}},"11":{"start":{"line":22,"column":6},"end":{"line":25,"column":null}},"12":{"start":{"line":23,"column":26},"end":{"line":23,"column":null}},"13":{"start":{"line":24,"column":8},"end":{"line":24,"column":null}},"14":{"start":{"line":29,"column":2},"end":{"line":46,"column":null}},"15":{"start":{"line":48,"column":2},"end":{"line":9,"column":38}},"16":{"start":{"line":7,"column":15},"end":{"line":9,"column":38}},"17":{"start":{"line":9,"column":37},"end":{"line":7,"column":15}},"18":{"start":{"line":50,"column":25},"end":{"line":50,"column":null}}},"fnMap":{"0":{"name":"(anonymous_1)","decl":{"start":{"line":7,"column":18},"end":{"line":7,"column":37}},"loc":{"start":{"line":7,"column":37},"end":{"line":48,"column":2}}},"1":{"name":"(anonymous_2)","decl":{"start":{"line":9,"column":38},"end":{"line":9,"column":39}},"loc":{"start":{"line":9,"column":60},"end":{"line":9,"column":75}}},"2":{"name":"(anonymous_3)","decl":{"start":{"line":12,"column":45},"end":{"line":12,"column":55}},"loc":{"start":{"line":12,"column":55},"end":{"line":16,"column":null}}},"3":{"name":"(anonymous_4)","decl":{"start":{"line":18,"column":63},"end":{"line":18,"column":null}},"loc":{"start":{"line":20,"column":13},"end":{"line":27,"column":null}}},"4":{"name":"(anonymous_5)","decl":{"start":{"line":7,"column":15},"end":{"line":7,"column":18}},"loc":{"start":{"line":7,"column":15},"end":{"line":9,"column":38}}}},"branchMap":{"0":{"loc":{"start":{"line":13,"column":4},"end":{"line":15,"column":null}},"type":"if","locations":[{"start":{"line":13,"column":4},"end":{"line":15,"column":null}}]},"1":{"loc":{"start":{"line":21,"column":4},"end":{"line":26,"column":null}},"type":"if","locations":[{"start":{"line":21,"column":4},"end":{"line":26,"column":null}}]},"2":{"loc":{"start":{"line":22,"column":6},"end":{"line":25,"column":null}},"type":"if","locations":[{"start":{"line":22,"column":6},"end":{"line":25,"column":null}}]},"3":{"loc":{"start":{"line":22,"column":10},"end":{"line":22,"column":83}},"type":"binary-expr","locations":[{"start":{"line":22,"column":10},"end":{"line":22,"column":48}},{"start":{"line":22,"column":48},"end":{"line":22,"column":83}}]}},"s":{"0":4,"1":0,"2":0,"3":0,"4":0,"5":0,"6":0,"7":0,"8":0,"9":0,"10":0,"11":0,"12":0,"13":0,"14":0,"15":4,"16":0,"17":4,"18":4},"f":{"0":0,"1":0,"2":0,"3":0,"4":0},"b":{"0":[0],"1":[0],"2":[0],"3":[0,0]}}
,"/Users/elukashova/Desktop/rs-school/stage03/rs-react/src/mocks/handlers.tsx": {"path":"/Users/elukashova/Desktop/rs-school/stage03/rs-react/src/mocks/handlers.tsx","statementMap":{},"fnMap":{},"branchMap":{},"s":{},"f":{},"b":{}}
,"/Users/elukashova/Desktop/rs-school/stage03/rs-react/src/mocks/server.tsx": {"path":"/Users/elukashova/Desktop/rs-school/stage03/rs-react/src/mocks/server.tsx","statementMap":{},"fnMap":{},"branchMap":{},"s":{},"f":{},"b":{}}
,"/Users/elukashova/Desktop/rs-school/stage03/rs-react/src/pages/Layout.tsx": {"path":"/Users/elukashova/Desktop/rs-school/stage03/rs-react/src/pages/Layout.tsx","statementMap":{"0":{"start":{"line":1,"column":25},"end":{"line":1,"column":null}},"1":{"start":{"line":7,"column":15},"end":{"line":17,"column":2}},"2":{"start":{"line":8,"column":2},"end":{"line":15,"column":null}},"3":{"start":{"line":17,"column":2},"end":{"line":7,"column":15}},"4":{"start":{"line":19,"column":22},"end":{"line":19,"column":null}}},"fnMap":{"0":{"name":"(anonymous_0)","decl":{"start":{"line":1,"column":25},"end":{"line":1,"column":null}},"loc":{"start":{"line":1,"column":25},"end":{"line":1,"column":null}}},"1":{"name":"(anonymous_1)","decl":{"start":{"line":7,"column":15},"end":{"line":7,"column":34}},"loc":{"start":{"line":7,"column":34},"end":{"line":17,"column":2}}}},"branchMap":{"0":{"loc":{"start":{"line":1,"column":25},"end":{"line":1,"column":null}},"type":"if","locations":[{"start":{"line":1,"column":25},"end":{"line":1,"column":null}}]}},"s":{"0":28,"1":4,"2":4,"3":4,"4":4},"f":{"0":4,"1":4},"b":{"0":[4]}}
,"/Users/elukashova/Desktop/rs-school/stage03/rs-react/src/pages/404/404.tsx": {"path":"/Users/elukashova/Desktop/rs-school/stage03/rs-react/src/pages/404/404.tsx","statementMap":{"0":{"start":{"line":1,"column":25},"end":{"line":1,"column":null}},"1":{"start":{"line":4,"column":21},"end":{"line":6,"column":2}},"2":{"start":{"line":5,"column":2},"end":{"line":5,"column":null}},"3":{"start":{"line":6,"column":2},"end":{"line":4,"column":21}},"4":{"start":{"line":8,"column":28},"end":{"line":8,"column":null}}},"fnMap":{"0":{"name":"(anonymous_0)","decl":{"start":{"line":1,"column":25},"end":{"line":1,"column":null}},"loc":{"start":{"line":1,"column":25},"end":{"line":1,"column":null}}},"1":{"name":"(anonymous_1)","decl":{"start":{"line":4,"column":21},"end":{"line":4,"column":40}},"loc":{"start":{"line":4,"column":40},"end":{"line":6,"column":2}}}},"branchMap":{"0":{"loc":{"start":{"line":1,"column":25},"end":{"line":1,"column":null}},"type":"if","locations":[{"start":{"line":1,"column":25},"end":{"line":1,"column":null}}]}},"s":{"0":28,"1":4,"2":0,"3":4,"4":4},"f":{"0":4,"1":0},"b":{"0":[4]}}
,"/Users/elukashova/Desktop/rs-school/stage03/rs-react/src/pages/About/About.tsx": {"path":"/Users/elukashova/Desktop/rs-school/stage03/rs-react/src/pages/About/About.tsx","statementMap":{"0":{"start":{"line":1,"column":25},"end":{"line":1,"column":null}},"1":{"start":{"line":4,"column":18},"end":{"line":6,"column":2}},"2":{"start":{"line":5,"column":2},"end":{"line":5,"column":null}},"3":{"start":{"line":6,"column":2},"end":{"line":4,"column":18}},"4":{"start":{"line":8,"column":25},"end":{"line":8,"column":null}}},"fnMap":{"0":{"name":"(anonymous_0)","decl":{"start":{"line":1,"column":25},"end":{"line":1,"column":null}},"loc":{"start":{"line":1,"column":25},"end":{"line":1,"column":null}}},"1":{"name":"(anonymous_1)","decl":{"start":{"line":4,"column":18},"end":{"line":4,"column":37}},"loc":{"start":{"line":4,"column":37},"end":{"line":6,"column":2}}}},"branchMap":{"0":{"loc":{"start":{"line":1,"column":25},"end":{"line":1,"column":null}},"type":"if","locations":[{"start":{"line":1,"column":25},"end":{"line":1,"column":null}}]}},"s":{"0":28,"1":4,"2":0,"3":4,"4":4},"f":{"0":4,"1":0},"b":{"0":[4]}}
,"/Users/elukashova/Desktop/rs-school/stage03/rs-react/src/pages/Forms/Forms.tsx": {"path":"/Users/elukashova/Desktop/rs-school/stage03/rs-react/src/pages/Forms/Forms.tsx","statementMap":{"0":{"start":{"line":1,"column":25},"end":{"line":1,"column":null}},"1":{"start":{"line":6,"column":18},"end":{"line":14,"column":2}},"2":{"start":{"line":7,"column":2},"end":{"line":12,"column":null}},"3":{"start":{"line":14,"column":2},"end":{"line":6,"column":18}},"4":{"start":{"line":16,"column":25},"end":{"line":16,"column":null}}},"fnMap":{"0":{"name":"(anonymous_0)","decl":{"start":{"line":1,"column":25},"end":{"line":1,"column":null}},"loc":{"start":{"line":1,"column":25},"end":{"line":1,"column":null}}},"1":{"name":"(anonymous_1)","decl":{"start":{"line":6,"column":18},"end":{"line":6,"column":37}},"loc":{"start":{"line":6,"column":37},"end":{"line":14,"column":2}}}},"branchMap":{"0":{"loc":{"start":{"line":1,"column":25},"end":{"line":1,"column":null}},"type":"if","locations":[{"start":{"line":1,"column":25},"end":{"line":1,"column":null}}]}},"s":{"0":28,"1":4,"2":4,"3":4,"4":4},"f":{"0":4,"1":4},"b":{"0":[4]}}
,"/Users/elukashova/Desktop/rs-school/stage03/rs-react/src/pages/Home/Home.tsx": {"path":"/Users/elukashova/Desktop/rs-school/stage03/rs-react/src/pages/Home/Home.tsx","statementMap":{"0":{"start":{"line":1,"column":25},"end":{"line":1,"column":null}},"1":{"start":{"line":6,"column":17},"end":{"line":13,"column":2}},"2":{"start":{"line":7,"column":2},"end":{"line":11,"column":null}},"3":{"start":{"line":13,"column":2},"end":{"line":6,"column":17}},"4":{"start":{"line":15,"column":24},"end":{"line":15,"column":null}}},"fnMap":{"0":{"name":"(anonymous_0)","decl":{"start":{"line":1,"column":25},"end":{"line":1,"column":null}},"loc":{"start":{"line":1,"column":25},"end":{"line":1,"column":null}}},"1":{"name":"(anonymous_1)","decl":{"start":{"line":6,"column":17},"end":{"line":6,"column":36}},"loc":{"start":{"line":6,"column":36},"end":{"line":13,"column":2}}}},"branchMap":{"0":{"loc":{"start":{"line":1,"column":25},"end":{"line":1,"column":null}},"type":"if","locations":[{"start":{"line":1,"column":25},"end":{"line":1,"column":null}}]}},"s":{"0":28,"1":4,"2":0,"3":4,"4":4},"f":{"0":4,"1":0},"b":{"0":[4]}}
,"/Users/elukashova/Desktop/rs-school/stage03/rs-react/src/test/setupTests.ts": {"path":"/Users/elukashova/Desktop/rs-school/stage03/rs-react/src/test/setupTests.ts","statementMap":{},"fnMap":{},"branchMap":{},"s":{},"f":{},"b":{}}
,"/Users/elukashova/Desktop/rs-school/stage03/rs-react/src/test/test-utils.tsx": {"path":"/Users/elukashova/Desktop/rs-school/stage03/rs-react/src/test/test-utils.tsx","statementMap":{},"fnMap":{},"branchMap":{},"s":{},"f":{},"b":{}}
}
