{"total": {"lines":{"total":165,"covered":134,"skipped":0,"pct":81.21},"statements":{"total":191,"covered":145,"skipped":0,"pct":75.91},"functions":{"total":67,"covered":46,"skipped":0,"pct":68.65},"branches":{"total":66,"covered":42,"skipped":0,"pct":63.63},"branchesTrue":{"total":0,"covered":0,"skipped":0,"pct":100}}
,"/Users/elukashova/Desktop/rs-school/stage03/rs-react/src/App.tsx": {"lines":{"total":6,"covered":6,"skipped":0,"pct":100},"functions":{"total":3,"covered":3,"skipped":0,"pct":100},"statements":{"total":6,"covered":6,"skipped":0,"pct":100},"branches":{"total":3,"covered":3,"skipped":0,"pct":100}}
,"/Users/elukashova/Desktop/rs-school/stage03/rs-react/src/entry-client.tsx": {"lines":{"total":1,"covered":1,"skipped":0,"pct":100},"functions":{"total":0,"covered":0,"skipped":0,"pct":100},"statements":{"total":1,"covered":1,"skipped":0,"pct":100},"branches":{"total":0,"covered":0,"skipped":0,"pct":100}}
,"/Users/elukashova/Desktop/rs-school/stage03/rs-react/src/entry-server.tsx": {"lines":{"total":0,"covered":0,"skipped":0,"pct":0},"functions":{"total":0,"covered":0,"skipped":0,"pct":0},"statements":{"total":0,"covered":0,"skipped":0,"pct":0},"branches":{"total":0,"covered":0,"skipped":0,"pct":0}}
,"/Users/elukashova/Desktop/rs-school/stage03/rs-react/src/components/Footer/Footer.tsx": {"lines":{"total":5,"covered":5,"skipped":0,"pct":100},"functions":{"total":2,"covered":2,"skipped":0,"pct":100},"statements":{"total":5,"covered":5,"skipped":0,"pct":100},"branches":{"total":1,"covered":1,"skipped":0,"pct":100}}
,"/Users/elukashova/Desktop/rs-school/stage03/rs-react/src/components/FormsComponents/Form/Form.tsx": {"lines":{"total":16,"covered":16,"skipped":0,"pct":100},"functions":{"total":8,"covered":8,"skipped":0,"pct":100},"statements":{"total":21,"covered":21,"skipped":0,"pct":100},"branches":{"total":16,"covered":16,"skipped":0,"pct":100}}
,"/Users/elukashova/Desktop/rs-school/stage03/rs-react/src/components/FormsComponents/Form/Input/Input.tsx": {"lines":{"total":6,"covered":6,"skipped":0,"pct":100},"functions":{"total":2,"covered":2,"skipped":0,"pct":100},"statements":{"total":6,"covered":6,"skipped":0,"pct":100},"branches":{"total":3,"covered":2,"skipped":0,"pct":66.66}}
,"/Users/elukashova/Desktop/rs-school/stage03/rs-react/src/components/FormsComponents/Form/RadioStar/Star.tsx": {"lines":{"total":5,"covered":5,"skipped":0,"pct":100},"functions":{"total":2,"covered":2,"skipped":0,"pct":100},"statements":{"total":5,"covered":5,"skipped":0,"pct":100},"branches":{"total":1,"covered":1,"skipped":0,"pct":100}}
,"/Users/elukashova/Desktop/rs-school/stage03/rs-react/src/components/FormsComponents/Form/Validation/Validation.tsx": {"lines":{"total":11,"covered":11,"skipped":0,"pct":100},"functions":{"total":5,"covered":5,"skipped":0,"pct":100},"statements":{"total":12,"covered":12,"skipped":0,"pct":100},"branches":{"total":6,"covered":6,"skipped":0,"pct":100}}
,"/Users/elukashova/Desktop/rs-school/stage03/rs-react/src/components/FormsComponents/Form/Validation/Error/Error.consts.tsx": {"lines":{"total":6,"covered":6,"skipped":0,"pct":100},"functions":{"total":1,"covered":1,"skipped":0,"pct":100},"statements":{"total":7,"covered":7,"skipped":0,"pct":100},"branches":{"total":2,"covered":2,"skipped":0,"pct":100}}
,"/Users/elukashova/Desktop/rs-school/stage03/rs-react/src/components/FormsComponents/Form/Validation/Error/Error.tsx": {"lines":{"total":5,"covered":5,"skipped":0,"pct":100},"functions":{"total":2,"covered":2,"skipped":0,"pct":100},"statements":{"total":5,"covered":5,"skipped":0,"pct":100},"branches":{"total":1,"covered":1,"skipped":0,"pct":100}}
,"/Users/elukashova/Desktop/rs-school/stage03/rs-react/src/components/FormsComponents/ReviewCard/ReviewCard.tsx": {"lines":{"total":6,"covered":6,"skipped":0,"pct":100},"functions":{"total":2,"covered":2,"skipped":0,"pct":100},"statements":{"total":6,"covered":6,"skipped":0,"pct":100},"branches":{"total":1,"covered":1,"skipped":0,"pct":100}}
,"/Users/elukashova/Desktop/rs-school/stage03/rs-react/src/components/FormsComponents/ReviewCard/Rating/Rating.tsx": {"lines":{"total":13,"covered":13,"skipped":0,"pct":100},"functions":{"total":4,"covered":4,"skipped":0,"pct":100},"statements":{"total":13,"covered":13,"skipped":0,"pct":100},"branches":{"total":2,"covered":2,"skipped":0,"pct":100}}
,"/Users/elukashova/Desktop/rs-school/stage03/rs-react/src/components/FormsComponents/ReviewsList/ReviewsList.tsx": {"lines":{"total":6,"covered":6,"skipped":0,"pct":100},"functions":{"total":4,"covered":4,"skipped":0,"pct":100},"statements":{"total":10,"covered":10,"skipped":0,"pct":100},"branches":{"total":0,"covered":0,"skipped":0,"pct":100}}
,"/Users/elukashova/Desktop/rs-school/stage03/rs-react/src/components/Header/Header.tsx": {"lines":{"total":6,"covered":6,"skipped":0,"pct":100},"functions":{"total":3,"covered":3,"skipped":0,"pct":100},"statements":{"total":6,"covered":6,"skipped":0,"pct":100},"branches":{"total":1,"covered":1,"skipped":0,"pct":100}}
,"/Users/elukashova/Desktop/rs-school/stage03/rs-react/src/components/HomeComponents/Card/Card.tsx": {"lines":{"total":9,"covered":4,"skipped":0,"pct":44.44},"functions":{"total":3,"covered":0,"skipped":0,"pct":0},"statements":{"total":12,"covered":4,"skipped":0,"pct":33.33},"branches":{"total":0,"covered":0,"skipped":0,"pct":100}}
,"/Users/elukashova/Desktop/rs-school/stage03/rs-react/src/components/HomeComponents/Catalogue/Catalogue.tsx": {"lines":{"total":10,"covered":4,"skipped":0,"pct":40},"functions":{"total":5,"covered":0,"skipped":0,"pct":0},"statements":{"total":14,"covered":4,"skipped":0,"pct":28.57},"branches":{"total":12,"covered":0,"skipped":0,"pct":0}}
,"/Users/elukashova/Desktop/rs-school/stage03/rs-react/src/components/HomeComponents/Loader/Loader.tsx": {"lines":{"total":5,"covered":4,"skipped":0,"pct":80},"functions":{"total":2,"covered":1,"skipped":0,"pct":50},"statements":{"total":5,"covered":4,"skipped":0,"pct":80},"branches":{"total":1,"covered":1,"skipped":0,"pct":100}}
,"/Users/elukashova/Desktop/rs-school/stage03/rs-react/src/components/HomeComponents/Modal/Modal.tsx": {"lines":{"total":9,"covered":4,"skipped":0,"pct":44.44},"functions":{"total":4,"covered":0,"skipped":0,"pct":0},"statements":{"total":13,"covered":4,"skipped":0,"pct":30.76},"branches":{"total":6,"covered":0,"skipped":0,"pct":0}}
,"/Users/elukashova/Desktop/rs-school/stage03/rs-react/src/components/HomeComponents/SearchBar/SearchBar.tsx": {"lines":{"total":15,"covered":4,"skipped":0,"pct":26.66},"functions":{"total":5,"covered":0,"skipped":0,"pct":0},"statements":{"total":19,"covered":4,"skipped":0,"pct":21.05},"branches":{"total":5,"covered":0,"skipped":0,"pct":0}}
,"/Users/elukashova/Desktop/rs-school/stage03/rs-react/src/mocks/handlers.tsx": {"lines":{"total":0,"covered":0,"skipped":0,"pct":0},"functions":{"total":0,"covered":0,"skipped":0,"pct":0},"statements":{"total":0,"covered":0,"skipped":0,"pct":0},"branches":{"total":0,"covered":0,"skipped":0,"pct":0}}
,"/Users/elukashova/Desktop/rs-school/stage03/rs-react/src/mocks/server.tsx": {"lines":{"total":0,"covered":0,"skipped":0,"pct":0},"functions":{"total":0,"covered":0,"skipped":0,"pct":0},"statements":{"total":0,"covered":0,"skipped":0,"pct":0},"branches":{"total":0,"covered":0,"skipped":0,"pct":0}}
,"/Users/elukashova/Desktop/rs-school/stage03/rs-react/src/pages/Layout.tsx": {"lines":{"total":5,"covered":5,"skipped":0,"pct":100},"functions":{"total":2,"covered":2,"skipped":0,"pct":100},"statements":{"total":5,"covered":5,"skipped":0,"pct":100},"branches":{"total":1,"covered":1,"skipped":0,"pct":100}}
,"/Users/elukashova/Desktop/rs-school/stage03/rs-react/src/pages/404/404.tsx": {"lines":{"total":5,"covered":4,"skipped":0,"pct":80},"functions":{"total":2,"covered":1,"skipped":0,"pct":50},"statements":{"total":5,"covered":4,"skipped":0,"pct":80},"branches":{"total":1,"covered":1,"skipped":0,"pct":100}}
,"/Users/elukashova/Desktop/rs-school/stage03/rs-react/src/pages/About/About.tsx": {"lines":{"total":5,"covered":4,"skipped":0,"pct":80},"functions":{"total":2,"covered":1,"skipped":0,"pct":50},"statements":{"total":5,"covered":4,"skipped":0,"pct":80},"branches":{"total":1,"covered":1,"skipped":0,"pct":100}}
,"/Users/elukashova/Desktop/rs-school/stage03/rs-react/src/pages/Forms/Forms.tsx": {"lines":{"total":5,"covered":5,"skipped":0,"pct":100},"functions":{"total":2,"covered":2,"skipped":0,"pct":100},"statements":{"total":5,"covered":5,"skipped":0,"pct":100},"branches":{"total":1,"covered":1,"skipped":0,"pct":100}}
,"/Users/elukashova/Desktop/rs-school/stage03/rs-react/src/pages/Home/Home.tsx": {"lines":{"total":5,"covered":4,"skipped":0,"pct":80},"functions":{"total":2,"covered":1,"skipped":0,"pct":50},"statements":{"total":5,"covered":4,"skipped":0,"pct":80},"branches":{"total":1,"covered":1,"skipped":0,"pct":100}}
,"/Users/elukashova/Desktop/rs-school/stage03/rs-react/src/test/setupTests.ts": {"lines":{"total":0,"covered":0,"skipped":0,"pct":0},"functions":{"total":0,"covered":0,"skipped":0,"pct":0},"statements":{"total":0,"covered":0,"skipped":0,"pct":0},"branches":{"total":0,"covered":0,"skipped":0,"pct":0}}
,"/Users/elukashova/Desktop/rs-school/stage03/rs-react/src/test/test-utils.tsx": {"lines":{"total":0,"covered":0,"skipped":0,"pct":0},"functions":{"total":0,"covered":0,"skipped":0,"pct":0},"statements":{"total":0,"covered":0,"skipped":0,"pct":0},"branches":{"total":0,"covered":0,"skipped":0,"pct":0}}
}
