TN:
SF:src/App.tsx
FN:1,(anonymous_0)
FN:6,(anonymous_1)
FN:10,(anonymous_2)
FNF:3
FNH:3
FNDA:4,(anonymous_0)
FNDA:4,(anonymous_1)
FNDA:16,(anonymous_2)
DA:1,28
DA:6,4
DA:7,4
DA:11,16
DA:16,4
DA:18,4
LF:6
LH:6
BRDA:1,0,0,4
BRDA:11,1,0,4
BRDA:11,1,1,12
BRF:3
BRH:3
end_of_record
TN:
SF:src/entry-client.tsx
FNF:0
FNH:0
DA:8,4
LF:1
LH:1
BRF:0
BRH:0
end_of_record
TN:
SF:src/entry-server.tsx
FNF:0
FNH:0
LF:0
LH:0
BRF:0
BRH:0
end_of_record
TN:
SF:src/components/Footer/Footer.tsx
FN:1,(anonymous_0)
FN:6,(anonymous_1)
FNF:2
FNH:2
FNDA:4,(anonymous_0)
FNDA:4,(anonymous_1)
DA:1,28
DA:6,4
DA:7,4
DA:32,4
DA:34,4
LF:5
LH:5
BRDA:1,0,0,4
BRF:1
BRH:1
end_of_record
TN:
SF:src/components/FormsComponents/Form/Form.tsx
FN:16,(anonymous_1)
FN:31,(anonymous_2)
FN:33,(anonymous_3)
FN:34,(anonymous_4)
FN:42,(anonymous_5)
FN:77,(anonymous_6)
FN:117,(anonymous_7)
FN:16,(anonymous_8)
FNF:8
FNH:8
FNDA:12,(anonymous_1)
FNDA:13,(anonymous_2)
FNDA:1,(anonymous_3)
FNDA:1,(anonymous_4)
FNDA:1,(anonymous_5)
FNDA:96,(anonymous_6)
FNDA:60,(anonymous_7)
FNDA:4,(anonymous_8)
DA:16,12
DA:22,12
DA:27,12
DA:28,12
DA:30,12
DA:31,13
DA:33,12
DA:34,1
DA:36,1
DA:41,1
DA:42,1
DA:47,12
DA:78,96
DA:118,60
DA:176,4
DA:178,4
LF:16
LH:16
BRDA:62,0,0,12
BRDA:62,0,1,3
BRDA:83,1,0,12
BRDA:83,1,1,3
BRDA:98,2,0,12
BRDA:98,2,1,2
BRDA:110,3,0,12
BRDA:110,3,1,3
BRDA:127,4,0,12
BRDA:127,4,1,3
BRDA:141,5,0,12
BRDA:141,5,1,3
BRDA:157,6,0,12
BRDA:157,6,1,3
BRDA:168,7,0,12
BRDA:168,7,1,2
BRF:16
BRH:16
end_of_record
TN:
SF:src/components/FormsComponents/Form/Input/Input.tsx
FN:1,(anonymous_0)
FN:18,(anonymous_1)
FNF:2
FNH:2
FNDA:4,(anonymous_0)
FNDA:48,(anonymous_1)
DA:1,28
DA:18,4
DA:19,48
DA:20,48
DA:28,4
DA:30,4
LF:6
LH:6
BRDA:1,0,0,4
BRDA:22,1,0,0
BRDA:22,1,1,48
BRF:3
BRH:2
end_of_record
TN:
SF:src/components/FormsComponents/Form/RadioStar/Star.tsx
FN:1,(anonymous_0)
FN:10,(anonymous_1)
FNF:2
FNH:2
FNDA:4,(anonymous_0)
FNDA:60,(anonymous_1)
DA:1,28
DA:10,4
DA:11,60
DA:27,4
DA:28,4
LF:5
LH:5
BRDA:1,0,0,4
BRF:1
BRH:1
end_of_record
TN:
SF:src/components/FormsComponents/Form/Validation/Validation.tsx
FN:5,(anonymous_1)
FN:8,(anonymous_2)
FN:13,(anonymous_3)
FN:15,(anonymous_4)
FN:19,(anonymous_5)
FNF:5
FNH:5
FNDA:12,(anonymous_1)
FNDA:2,(anonymous_2)
FNDA:8,(anonymous_3)
FNDA:4,(anonymous_4)
FNDA:4,(anonymous_5)
DA:5,12
DA:6,12
DA:8,12
DA:9,2
DA:12,12
DA:14,8
DA:15,4
DA:18,12
DA:20,4
DA:23,12
DA:24,4
LF:11
LH:11
BRDA:14,0,0,8
BRDA:14,0,1,4
BRDA:15,1,0,4
BRDA:15,1,1,3
BRDA:20,2,0,4
BRDA:20,2,1,3
BRF:6
BRH:6
end_of_record
TN:
SF:src/components/FormsComponents/Form/Validation/Error/Error.consts.tsx
FN:1,(anonymous_0)
FNF:1
FNH:1
FNDA:4,(anonymous_0)
DA:1,4
DA:2,4
DA:3,4
DA:4,4
DA:5,4
DA:6,4
LF:6
LH:6
BRDA:1,0,0,4
BRDA:1,0,1,4
BRF:2
BRH:2
end_of_record
TN:
SF:src/components/FormsComponents/Form/Validation/Error/Error.tsx
FN:1,(anonymous_0)
FN:8,(anonymous_1)
FNF:2
FNH:2
FNDA:4,(anonymous_0)
FNDA:20,(anonymous_1)
DA:1,28
DA:8,4
DA:9,20
DA:17,4
DA:19,4
LF:5
LH:5
BRDA:1,0,0,4
BRF:1
BRH:1
end_of_record
TN:
SF:src/components/FormsComponents/ReviewCard/ReviewCard.tsx
FN:1,(anonymous_0)
FN:7,(anonymous_1)
FNF:2
FNH:2
FNDA:4,(anonymous_0)
FNDA:1,(anonymous_1)
DA:1,28
DA:7,4
DA:8,1
DA:9,1
DA:39,4
DA:41,4
LF:6
LH:6
BRDA:1,0,0,4
BRF:1
BRH:1
end_of_record
TN:
SF:src/components/FormsComponents/ReviewCard/Rating/Rating.tsx
FN:1,(anonymous_0)
FN:8,(anonymous_1)
FN:11,(anonymous_2)
FN:25,(anonymous_3)
FNF:4
FNH:4
FNDA:4,(anonymous_0)
FNDA:1,(anonymous_1)
FNDA:5,(anonymous_2)
FNDA:5,(anonymous_3)
DA:1,28
DA:8,4
DA:9,1
DA:11,1
DA:12,5
DA:13,5
DA:15,5
DA:16,3
DA:18,2
DA:21,1
DA:26,5
DA:35,4
DA:37,4
LF:13
LH:13
BRDA:1,0,0,4
BRDA:15,1,0,3
BRF:2
BRH:2
end_of_record
TN:
SF:src/components/FormsComponents/ReviewsList/ReviewsList.tsx
FN:8,(anonymous_1)
FN:9,(anonymous_2)
FN:13,(anonymous_3)
FN:8,(anonymous_4)
FNF:4
FNH:4
FNDA:5,(anonymous_1)
FNDA:6,(anonymous_2)
FNDA:1,(anonymous_3)
FNDA:4,(anonymous_4)
DA:8,5
DA:9,6
DA:11,5
DA:14,1
DA:18,4
DA:20,4
LF:6
LH:6
BRF:0
BRH:0
end_of_record
TN:
SF:src/components/Header/Header.tsx
FN:1,(anonymous_0)
FN:9,(anonymous_1)
FN:15,(anonymous_2)
FNF:3
FNH:3
FNDA:4,(anonymous_0)
FNDA:4,(anonymous_1)
FNDA:16,(anonymous_2)
DA:1,28
DA:9,4
DA:10,4
DA:16,16
DA:34,4
DA:36,4
LF:6
LH:6
BRDA:1,0,0,4
BRF:1
BRH:1
end_of_record
TN:
SF:src/components/HomeComponents/Card/Card.tsx
FN:12,(anonymous_1)
FN:16,(anonymous_2)
FN:12,(anonymous_3)
FNF:3
FNH:0
FNDA:0,(anonymous_1)
FNDA:0,(anonymous_2)
FNDA:0,(anonymous_3)
DA:12,4
DA:13,0
DA:14,4
DA:16,0
DA:17,0
DA:18,0
DA:21,0
DA:45,4
DA:47,4
LF:9
LH:4
BRF:0
BRH:0
end_of_record
TN:
SF:src/components/HomeComponents/Catalogue/Catalogue.tsx
FN:12,(anonymous_1)
FN:14,(anonymous_2)
FN:16,(anonymous_3)
FN:26,(anonymous_4)
FN:12,(anonymous_5)
FNF:5
FNH:0
FNDA:0,(anonymous_1)
FNDA:0,(anonymous_2)
FNDA:0,(anonymous_3)
FNDA:0,(anonymous_4)
FNDA:0,(anonymous_5)
DA:12,4
DA:13,0
DA:14,4
DA:16,0
DA:17,0
DA:18,0
DA:21,0
DA:26,0
DA:37,4
DA:39,4
LF:10
LH:4
BRDA:17,0,0,0
BRDA:17,0,1,0
BRDA:23,1,0,0
BRDA:23,1,1,0
BRDA:24,2,0,0
BRDA:24,2,1,0
BRDA:26,3,0,0
BRDA:26,3,1,0
BRDA:27,4,0,0
BRDA:27,4,1,0
BRDA:32,5,0,0
BRDA:32,5,1,0
BRF:12
BRH:0
end_of_record
TN:
SF:src/components/HomeComponents/Loader/Loader.tsx
FN:1,(anonymous_0)
FN:4,(anonymous_1)
FNF:2
FNH:1
FNDA:4,(anonymous_0)
FNDA:0,(anonymous_1)
DA:1,28
DA:4,4
DA:5,0
DA:13,4
DA:15,4
LF:5
LH:4
BRDA:1,0,0,4
BRF:1
BRH:1
end_of_record
TN:
SF:src/components/HomeComponents/Modal/Modal.tsx
FN:7,(anonymous_1)
FN:9,(anonymous_2)
FN:11,(anonymous_3)
FN:7,(anonymous_4)
FNF:4
FNH:0
FNDA:0,(anonymous_1)
FNDA:0,(anonymous_2)
FNDA:0,(anonymous_3)
FNDA:0,(anonymous_4)
DA:7,4
DA:8,0
DA:9,4
DA:11,0
DA:12,0
DA:16,0
DA:20,0
DA:53,4
DA:55,4
LF:9
LH:4
BRDA:12,0,0,0
BRDA:13,1,0,0
BRDA:13,1,1,0
BRDA:13,1,2,0
BRDA:22,2,0,0
BRDA:22,2,1,0
BRF:6
BRH:0
end_of_record
TN:
SF:src/components/HomeComponents/SearchBar/SearchBar.tsx
FN:7,(anonymous_1)
FN:9,(anonymous_2)
FN:12,(anonymous_3)
FN:18,(anonymous_4)
FN:7,(anonymous_5)
FNF:5
FNH:0
FNDA:0,(anonymous_1)
FNDA:0,(anonymous_2)
FNDA:0,(anonymous_3)
FNDA:0,(anonymous_4)
FNDA:0,(anonymous_5)
DA:7,4
DA:8,0
DA:9,4
DA:10,0
DA:12,0
DA:13,0
DA:14,0
DA:18,0
DA:21,0
DA:22,0
DA:23,0
DA:24,0
DA:29,0
DA:48,4
DA:50,4
LF:15
LH:4
BRDA:13,0,0,0
BRDA:21,1,0,0
BRDA:22,2,0,0
BRDA:22,3,0,0
BRDA:22,3,1,0
BRF:5
BRH:0
end_of_record
TN:
SF:src/mocks/handlers.tsx
FNF:0
FNH:0
LF:0
LH:0
BRF:0
BRH:0
end_of_record
TN:
SF:src/mocks/server.tsx
FNF:0
FNH:0
LF:0
LH:0
BRF:0
BRH:0
end_of_record
TN:
SF:src/pages/Layout.tsx
FN:1,(anonymous_0)
FN:7,(anonymous_1)
FNF:2
FNH:2
FNDA:4,(anonymous_0)
FNDA:4,(anonymous_1)
DA:1,28
DA:7,4
DA:8,4
DA:17,4
DA:19,4
LF:5
LH:5
BRDA:1,0,0,4
BRF:1
BRH:1
end_of_record
TN:
SF:src/pages/404/404.tsx
FN:1,(anonymous_0)
FN:4,(anonymous_1)
FNF:2
FNH:1
FNDA:4,(anonymous_0)
FNDA:0,(anonymous_1)
DA:1,28
DA:4,4
DA:5,0
DA:6,4
DA:8,4
LF:5
LH:4
BRDA:1,0,0,4
BRF:1
BRH:1
end_of_record
TN:
SF:src/pages/About/About.tsx
FN:1,(anonymous_0)
FN:4,(anonymous_1)
FNF:2
FNH:1
FNDA:4,(anonymous_0)
FNDA:0,(anonymous_1)
DA:1,28
DA:4,4
DA:5,0
DA:6,4
DA:8,4
LF:5
LH:4
BRDA:1,0,0,4
BRF:1
BRH:1
end_of_record
TN:
SF:src/pages/Forms/Forms.tsx
FN:1,(anonymous_0)
FN:6,(anonymous_1)
FNF:2
FNH:2
FNDA:4,(anonymous_0)
FNDA:4,(anonymous_1)
DA:1,28
DA:6,4
DA:7,4
DA:14,4
DA:16,4
LF:5
LH:5
BRDA:1,0,0,4
BRF:1
BRH:1
end_of_record
TN:
SF:src/pages/Home/Home.tsx
FN:1,(anonymous_0)
FN:6,(anonymous_1)
FNF:2
FNH:1
FNDA:4,(anonymous_0)
FNDA:0,(anonymous_1)
DA:1,28
DA:6,4
DA:7,0
DA:13,4
DA:15,4
LF:5
LH:4
BRDA:1,0,0,4
BRF:1
BRH:1
end_of_record
TN:
SF:src/test/setupTests.ts
FNF:0
FNH:0
LF:0
LH:0
BRF:0
BRH:0
end_of_record
TN:
SF:src/test/test-utils.tsx
FNF:0
FNH:0
LF:0
LH:0
BRF:0
BRH:0
end_of_record
