TN:
SF:src/App.tsx
FN:1,(anonymous_0)
FN:6,(anonymous_1)
FN:10,(anonymous_2)
FNF:3
FNH:3
FNDA:4,(anonymous_0)
FNDA:4,(anonymous_1)
FNDA:16,(anonymous_2)
DA:1,28
DA:6,4
DA:7,4
DA:11,16
DA:16,4
DA:18,4
LF:6
LH:6
BRDA:1,0,0,4
BRDA:11,1,0,4
BRDA:11,1,1,12
BRF:3
BRH:3
end_of_record
TN:
SF:src/entry-client.tsx
FNF:0
FNH:0
DA:8,4
LF:1
LH:1
BRF:0
BRH:0
end_of_record
TN:
SF:src/entry-server.tsx
FNF:0
FNH:0
LF:0
LH:0
BRF:0
BRH:0
end_of_record
TN:
SF:src/components/Footer/Footer.tsx
FN:1,(anonymous_0)
FN:6,(anonymous_1)
FNF:2
FNH:2
FNDA:4,(anonymous_0)
FNDA:4,(anonymous_1)
DA:1,28
DA:6,4
DA:7,4
DA:32,4
DA:34,4
LF:5
LH:5
BRDA:1,0,0,4
BRF:1
BRH:1
end_of_record
TN:
SF:src/components/FormsComponents/Form/Form.tsx
FN:15,(anonymous_1)
FN:30,(anonymous_2)
FN:32,(anonymous_3)
FN:33,(anonymous_4)
FN:38,(anonymous_5)
FN:73,(anonymous_6)
FN:113,(anonymous_7)
FN:15,(anonymous_8)
FNF:8
FNH:6
FNDA:12,(anonymous_1)
FNDA:12,(anonymous_2)
FNDA:1,(anonymous_3)
FNDA:0,(anonymous_4)
FNDA:0,(anonymous_5)
FNDA:96,(anonymous_6)
FNDA:60,(anonymous_7)
FNDA:4,(anonymous_8)
DA:15,12
DA:21,12
DA:26,12
DA:27,12
DA:29,12
DA:30,12
DA:32,12
DA:33,1
DA:36,1
DA:37,0
DA:38,0
DA:43,12
DA:74,96
DA:114,60
DA:173,4
DA:175,4
LF:16
LH:14
BRDA:36,0,0,0
BRDA:36,0,1,1
BRDA:58,1,0,12
BRDA:58,1,1,3
BRDA:79,2,0,12
BRDA:79,2,1,3
BRDA:94,3,0,12
BRDA:94,3,1,2
BRDA:106,4,0,12
BRDA:106,4,1,3
BRDA:123,5,0,12
BRDA:123,5,1,3
BRDA:138,6,0,12
BRDA:138,6,1,3
BRDA:154,7,0,12
BRDA:154,7,1,3
BRDA:165,8,0,12
BRDA:165,8,1,0
BRF:18
BRH:16
end_of_record
TN:
SF:src/components/FormsComponents/Form/Input/Input.tsx
FN:1,(anonymous_0)
FN:18,(anonymous_1)
FNF:2
FNH:2
FNDA:4,(anonymous_0)
FNDA:48,(anonymous_1)
DA:1,28
DA:18,4
DA:19,48
DA:20,48
DA:28,4
DA:30,4
LF:6
LH:6
BRDA:1,0,0,4
BRDA:22,1,0,0
BRDA:22,1,1,48
BRF:3
BRH:2
end_of_record
TN:
SF:src/components/FormsComponents/Form/RadioStar/Star.tsx
FN:1,(anonymous_0)
FN:10,(anonymous_1)
FNF:2
FNH:2
FNDA:4,(anonymous_0)
FNDA:60,(anonymous_1)
DA:1,28
DA:10,4
DA:11,60
DA:27,4
DA:28,4
LF:5
LH:5
BRDA:1,0,0,4
BRF:1
BRH:1
end_of_record
TN:
SF:src/components/FormsComponents/Form/Validation/Validation.tsx
FN:5,(anonymous_1)
FN:12,(anonymous_2)
FN:18,(anonymous_3)
FN:23,(anonymous_4)
FN:25,(anonymous_5)
FN:29,(anonymous_6)
FNF:6
FNH:6
FNDA:12,(anonymous_1)
FNDA:2,(anonymous_2)
FNDA:2,(anonymous_3)
FNDA:8,(anonymous_4)
FNDA:4,(anonymous_5)
FNDA:4,(anonymous_6)
DA:5,12
DA:6,12
DA:7,12
DA:12,12
DA:13,2
DA:14,2
DA:18,12
DA:19,2
DA:22,12
DA:24,8
DA:25,4
DA:28,12
DA:30,4
DA:33,12
DA:34,4
LF:15
LH:15
BRDA:13,0,0,2
BRDA:24,1,0,8
BRDA:24,1,1,4
BRDA:25,2,0,4
BRDA:25,2,1,3
BRDA:30,3,0,4
BRDA:30,3,1,3
BRF:7
BRH:7
end_of_record
TN:
SF:src/components/FormsComponents/Form/Validation/Error/Error.consts.tsx
FN:1,(anonymous_0)
FNF:1
FNH:1
FNDA:4,(anonymous_0)
DA:1,4
DA:2,4
DA:3,4
DA:4,4
DA:5,4
DA:6,4
LF:6
LH:6
BRDA:1,0,0,4
BRDA:1,0,1,4
BRF:2
BRH:2
end_of_record
TN:
SF:src/components/FormsComponents/Form/Validation/Error/Error.tsx
FN:1,(anonymous_0)
FN:8,(anonymous_1)
FNF:2
FNH:2
FNDA:4,(anonymous_0)
FNDA:20,(anonymous_1)
DA:1,28
DA:8,4
DA:9,20
DA:17,4
DA:19,4
LF:5
LH:5
BRDA:1,0,0,4
BRF:1
BRH:1
end_of_record
TN:
SF:src/components/FormsComponents/ReviewCard/ReviewCard.tsx
FN:1,(anonymous_0)
FN:7,(anonymous_1)
FNF:2
FNH:1
FNDA:4,(anonymous_0)
FNDA:0,(anonymous_1)
DA:1,28
DA:7,4
DA:8,0
DA:9,0
DA:39,4
DA:41,4
LF:6
LH:4
BRDA:1,0,0,4
BRF:1
BRH:1
end_of_record
TN:
SF:src/components/FormsComponents/ReviewCard/Rating/Rating.tsx
FN:1,(anonymous_0)
FN:8,(anonymous_1)
FN:11,(anonymous_2)
FN:25,(anonymous_3)
FNF:4
FNH:1
FNDA:4,(anonymous_0)
FNDA:0,(anonymous_1)
FNDA:0,(anonymous_2)
FNDA:0,(anonymous_3)
DA:1,28
DA:8,4
DA:9,0
DA:11,0
DA:12,0
DA:13,0
DA:15,0
DA:16,0
DA:18,0
DA:21,0
DA:26,0
DA:35,4
DA:37,4
LF:13
LH:4
BRDA:1,0,0,4
BRDA:15,1,0,0
BRF:2
BRH:1
end_of_record
TN:
SF:src/components/FormsComponents/ReviewsList/ReviewsList.tsx
FN:8,(anonymous_1)
FN:9,(anonymous_2)
FN:13,(anonymous_3)
FN:8,(anonymous_4)
FNF:4
FNH:3
FNDA:4,(anonymous_1)
FNDA:4,(anonymous_2)
FNDA:0,(anonymous_3)
FNDA:4,(anonymous_4)
DA:8,4
DA:9,4
DA:11,4
DA:14,0
DA:18,4
DA:20,4
LF:6
LH:5
BRF:0
BRH:0
end_of_record
TN:
SF:src/components/Header/Header.tsx
FN:1,(anonymous_0)
FN:9,(anonymous_1)
FN:15,(anonymous_2)
FNF:3
FNH:3
FNDA:4,(anonymous_0)
FNDA:4,(anonymous_1)
FNDA:16,(anonymous_2)
DA:1,28
DA:9,4
DA:10,4
DA:16,16
DA:34,4
DA:36,4
LF:6
LH:6
BRDA:1,0,0,4
BRF:1
BRH:1
end_of_record
TN:
SF:src/components/HomeComponents/Card/Card.tsx
FN:12,(anonymous_1)
FN:16,(anonymous_2)
FN:12,(anonymous_3)
FNF:3
FNH:0
FNDA:0,(anonymous_1)
FNDA:0,(anonymous_2)
FNDA:0,(anonymous_3)
DA:12,4
DA:13,0
DA:14,4
DA:16,0
DA:17,0
DA:18,0
DA:21,0
DA:45,4
DA:47,4
LF:9
LH:4
BRF:0
BRH:0
end_of_record
TN:
SF:src/components/HomeComponents/Catalogue/Catalogue.tsx
FN:12,(anonymous_1)
FN:14,(anonymous_2)
FN:16,(anonymous_3)
FN:26,(anonymous_4)
FN:12,(anonymous_5)
FNF:5
FNH:0
FNDA:0,(anonymous_1)
FNDA:0,(anonymous_2)
FNDA:0,(anonymous_3)
FNDA:0,(anonymous_4)
FNDA:0,(anonymous_5)
DA:12,4
DA:13,0
DA:14,4
DA:16,0
DA:17,0
DA:18,0
DA:21,0
DA:26,0
DA:37,4
DA:39,4
LF:10
LH:4
BRDA:17,0,0,0
BRDA:17,0,1,0
BRDA:23,1,0,0
BRDA:23,1,1,0
BRDA:24,2,0,0
BRDA:24,2,1,0
BRDA:26,3,0,0
BRDA:26,3,1,0
BRDA:27,4,0,0
BRDA:27,4,1,0
BRDA:32,5,0,0
BRDA:32,5,1,0
BRF:12
BRH:0
end_of_record
TN:
SF:src/components/HomeComponents/Loader/Loader.tsx
FN:1,(anonymous_0)
FN:4,(anonymous_1)
FNF:2
FNH:1
FNDA:4,(anonymous_0)
FNDA:0,(anonymous_1)
DA:1,28
DA:4,4
DA:5,0
DA:13,4
DA:15,4
LF:5
LH:4
BRDA:1,0,0,4
BRF:1
BRH:1
end_of_record
TN:
SF:src/components/HomeComponents/Modal/Modal.tsx
FN:7,(anonymous_1)
FN:9,(anonymous_2)
FN:11,(anonymous_3)
FN:7,(anonymous_4)
FNF:4
FNH:0
FNDA:0,(anonymous_1)
FNDA:0,(anonymous_2)
FNDA:0,(anonymous_3)
FNDA:0,(anonymous_4)
DA:7,4
DA:8,0
DA:9,4
DA:11,0
DA:12,0
DA:16,0
DA:20,0
DA:53,4
DA:55,4
LF:9
LH:4
BRDA:12,0,0,0
BRDA:13,1,0,0
BRDA:13,1,1,0
BRDA:13,1,2,0
BRDA:22,2,0,0
BRDA:22,2,1,0
BRF:6
BRH:0
end_of_record
TN:
SF:src/components/HomeComponents/SearchBar/SearchBar.tsx
FN:7,(anonymous_1)
FN:9,(anonymous_2)
FN:12,(anonymous_3)
FN:18,(anonymous_4)
FN:7,(anonymous_5)
FNF:5
FNH:0
FNDA:0,(anonymous_1)
FNDA:0,(anonymous_2)
FNDA:0,(anonymous_3)
FNDA:0,(anonymous_4)
FNDA:0,(anonymous_5)
DA:7,4
DA:8,0
DA:9,4
DA:10,0
DA:12,0
DA:13,0
DA:14,0
DA:18,0
DA:21,0
DA:22,0
DA:23,0
DA:24,0
DA:29,0
DA:48,4
DA:50,4
LF:15
LH:4
BRDA:13,0,0,0
BRDA:21,1,0,0
BRDA:22,2,0,0
BRDA:22,3,0,0
BRDA:22,3,1,0
BRF:5
BRH:0
end_of_record
TN:
SF:src/mocks/handlers.tsx
FNF:0
FNH:0
LF:0
LH:0
BRF:0
BRH:0
end_of_record
TN:
SF:src/mocks/server.tsx
FNF:0
FNH:0
LF:0
LH:0
BRF:0
BRH:0
end_of_record
TN:
SF:src/pages/Layout.tsx
FN:1,(anonymous_0)
FN:7,(anonymous_1)
FNF:2
FNH:2
FNDA:4,(anonymous_0)
FNDA:4,(anonymous_1)
DA:1,28
DA:7,4
DA:8,4
DA:17,4
DA:19,4
LF:5
LH:5
BRDA:1,0,0,4
BRF:1
BRH:1
end_of_record
TN:
SF:src/pages/404/404.tsx
FN:1,(anonymous_0)
FN:4,(anonymous_1)
FNF:2
FNH:1
FNDA:4,(anonymous_0)
FNDA:0,(anonymous_1)
DA:1,28
DA:4,4
DA:5,0
DA:6,4
DA:8,4
LF:5
LH:4
BRDA:1,0,0,4
BRF:1
BRH:1
end_of_record
TN:
SF:src/pages/About/About.tsx
FN:1,(anonymous_0)
FN:4,(anonymous_1)
FNF:2
FNH:1
FNDA:4,(anonymous_0)
FNDA:0,(anonymous_1)
DA:1,28
DA:4,4
DA:5,0
DA:6,4
DA:8,4
LF:5
LH:4
BRDA:1,0,0,4
BRF:1
BRH:1
end_of_record
TN:
SF:src/pages/Forms/Forms.tsx
FN:1,(anonymous_0)
FN:6,(anonymous_1)
FNF:2
FNH:2
FNDA:4,(anonymous_0)
FNDA:4,(anonymous_1)
DA:1,28
DA:6,4
DA:7,4
DA:14,4
DA:16,4
LF:5
LH:5
BRDA:1,0,0,4
BRF:1
BRH:1
end_of_record
TN:
SF:src/pages/Home/Home.tsx
FN:1,(anonymous_0)
FN:6,(anonymous_1)
FNF:2
FNH:1
FNDA:4,(anonymous_0)
FNDA:0,(anonymous_1)
DA:1,28
DA:6,4
DA:7,0
DA:13,4
DA:15,4
LF:5
LH:4
BRDA:1,0,0,4
BRF:1
BRH:1
end_of_record
TN:
SF:src/test/setupTests.ts
FNF:0
FNH:0
LF:0
LH:0
BRF:0
BRH:0
end_of_record
TN:
SF:src/test/test-utils.tsx
FNF:0
FNH:0
LF:0
LH:0
BRF:0
BRH:0
end_of_record
