{
  "/Users/elukashova/Desktop/rs-school/stage03/rs-react/src/pages/404/404.tsx": {
    "path": "/Users/elukashova/Desktop/rs-school/stage03/rs-react/src/pages/404/404.tsx",
    "statementMap": {
      "0": {
        "start": {
          "line": 5,
          "column": 0
        },
        "end": {
          "line": 15,
          "column": 1
        }
      },
      "1": {
        "start": {
          "line": 6,
          "column": 2
        },
        "end": {
          "line": 8,
          "column": 3
        }
      },
      "2": {
        "start": {
          "line": 7,
          "column": 4
        },
        "end": {
          "line": 7,
          "column": 165
        }
      },
      "3": {
        "start": {
          "line": 9,
          "column": 2
        },
        "end": {
          "line": 9,
          "column": 39
        }
      },
      "4": {
        "start": {
          "line": 10,
          "column": 2
        },
        "end": {
          "line": 10,
          "column": 39
        }
      },
      "5": {
        "start": {
          "line": 11,
          "column": 2
        },
        "end": {
          "line": 13,
          "column": 4
        }
      },
      "6": {
        "start": {
          "line": 12,
          "column": 4
        },
        "end": {
          "line": 12,
          "column": 118
        }
      },
      "7": {
        "start": {
          "line": 14,
          "column": 2
        },
        "end": {
          "line": 14,
          "column": 75
        }
      },
      "8": {
        "start": {
          "line": 17,
          "column": 21
        },
        "end": {
          "line": 23,
          "column": 1
        }
      },
      "9": {
        "start": {
          "line": 18,
          "column": 2
        },
        "end": {
          "line": 22,
          "column": 11
        }
      },
      "10": {
        "start": {
          "line": 24,
          "column": 0
        },
        "end": {
          "line": 24,
          "column": 18
        }
      },
      "11": {
        "start": {
          "line": 27,
          "column": 0
        },
        "end": {
          "line": 27,
          "column": 33
        }
      },
      "12": {
        "start": {
          "line": 28,
          "column": 0
        },
        "end": {
          "line": 44,
          "column": 1
        }
      },
      "13": {
        "start": {
          "line": 29,
          "column": 2
        },
        "end": {
          "line": 29,
          "column": 39
        }
      },
      "14": {
        "start": {
          "line": 30,
          "column": 2
        },
        "end": {
          "line": 30,
          "column": 39
        }
      },
      "15": {
        "start": {
          "line": 31,
          "column": 2
        },
        "end": {
          "line": 43,
          "column": 5
        }
      },
      "16": {
        "start": {
          "line": 35,
          "column": 4
        },
        "end": {
          "line": 35,
          "column": 144
        }
      },
      "17": {
        "start": {
          "line": 36,
          "column": 4
        },
        "end": {
          "line": 42,
          "column": 7
        }
      },
      "18": {
        "start": {
          "line": 37,
          "column": 6
        },
        "end": {
          "line": 38,
          "column": 15
        }
      },
      "19": {
        "start": {
          "line": 38,
          "column": 8
        },
        "end": {
          "line": 38,
          "column": 15
        }
      },
      "20": {
        "start": {
          "line": 39,
          "column": 32
        },
        "end": {
          "line": 39,
          "column": 115
        }
      },
      "21": {
        "start": {
          "line": 40,
          "column": 6
        },
        "end": {
          "line": 41,
          "column": 54
        }
      },
      "22": {
        "start": {
          "line": 41,
          "column": 8
        },
        "end": {
          "line": 41,
          "column": 54
        }
      }
    },
    "fnMap": {
      "0": {
        "name": "(anonymous_0)",
        "decl": {
          "start": {
            "line": 11,
            "column": 24
          },
          "end": {
            "line": 11,
            "column": 25
          }
        },
        "loc": {
          "start": {
            "line": 11,
            "column": 38
          },
          "end": {
            "line": 13,
            "column": 3
          }
        },
        "line": 11
      },
      "1": {
        "name": "(anonymous_1)",
        "decl": {
          "start": {
            "line": 17,
            "column": 21
          },
          "end": {
            "line": 17,
            "column": 22
          }
        },
        "loc": {
          "start": {
            "line": 17,
            "column": 27
          },
          "end": {
            "line": 23,
            "column": 1
          }
        },
        "line": 17
      },
      "2": {
        "name": "(anonymous_2)",
        "decl": {
          "start": {
            "line": 34,
            "column": 9
          },
          "end": {
            "line": 34,
            "column": 10
          }
        },
        "loc": {
          "start": {
            "line": 34,
            "column": 29
          },
          "end": {
            "line": 43,
            "column": 3
          }
        },
        "line": 34
      },
      "3": {
        "name": "(anonymous_3)",
        "decl": {
          "start": {
            "line": 36,
            "column": 27
          },
          "end": {
            "line": 36,
            "column": 28
          }
        },
        "loc": {
          "start": {
            "line": 36,
            "column": 44
          },
          "end": {
            "line": 42,
            "column": 5
          }
        },
        "line": 36
      }
    },
    "branchMap": {
      "0": {
        "loc": {
          "start": {
            "line": 5,
            "column": 0
          },
          "end": {
            "line": 15,
            "column": 1
          }
        },
        "type": "if",
        "locations": [
          {
            "start": {
              "line": 5,
              "column": 0
            },
            "end": {
              "line": 15,
              "column": 1
            }
          },
          {
            "start": {},
            "end": {}
          }
        ],
        "line": 5
      },
      "1": {
        "loc": {
          "start": {
            "line": 6,
            "column": 2
          },
          "end": {
            "line": 8,
            "column": 3
          }
        },
        "type": "if",
        "locations": [
          {
            "start": {
              "line": 6,
              "column": 2
            },
            "end": {
              "line": 8,
              "column": 3
            }
          },
          {
            "start": {},
            "end": {}
          }
        ],
        "line": 6
      },
      "2": {
        "loc": {
          "start": {
            "line": 28,
            "column": 0
          },
          "end": {
            "line": 44,
            "column": 1
          }
        },
        "type": "if",
        "locations": [
          {
            "start": {
              "line": 28,
              "column": 0
            },
            "end": {
              "line": 44,
              "column": 1
            }
          },
          {
            "start": {},
            "end": {}
          }
        ],
        "line": 28
      },
      "3": {
        "loc": {
          "start": {
            "line": 37,
            "column": 6
          },
          "end": {
            "line": 38,
            "column": 15
          }
        },
        "type": "if",
        "locations": [
          {
            "start": {
              "line": 37,
              "column": 6
            },
            "end": {
              "line": 38,
              "column": 15
            }
          },
          {
            "start": {},
            "end": {}
          }
        ],
        "line": 37
      },
      "4": {
        "loc": {
          "start": {
            "line": 40,
            "column": 6
          },
          "end": {
            "line": 41,
            "column": 54
          }
        },
        "type": "if",
        "locations": [
          {
            "start": {
              "line": 40,
              "column": 6
            },
            "end": {
              "line": 41,
              "column": 54
            }
          },
          {
            "start": {},
            "end": {}
          }
        ],
        "line": 40
      }
    },
    "s": {
      "0": 11,
      "1": 11,
      "2": 0,
      "3": 11,
      "4": 11,
      "5": 11,
      "6": 11,
      "7": 11,
      "8": 11,
      "9": 0,
      "10": 11,
      "11": 11,
      "12": 11,
      "13": 11,
      "14": 11,
      "15": 11,
      "16": 10,
      "17": 10,
      "18": 0,
      "19": 0,
      "20": 0,
      "21": 0,
      "22": 0
    },
    "f": {
      "0": 11,
      "1": 0,
      "2": 10,
      "3": 0
    },
    "b": {
      "0": [
        11,
        0
      ],
      "1": [
        0,
        11
      ],
      "2": [
        11,
        0
      ],
      "3": [
        0,
        0
      ],
      "4": [
        0,
        0
      ]
    },
    "inputSourceMap": {
      "version": 3,
      "mappings": "AAIS;AAJT,OAAOA,oBAAkB;AAAA;AAAA;AAAA;AAAA;AAAA;AAAA;AAAA;AAAA;AAAA;AAAA;AAAA;AAAA;AAAA;AACzB,OAAOC,YAAY;AAEnB,MAAMC,eAAeA,MAAmB;AACtC,SAAO,uBAAC,aAAQ,WAAWD,OAAOE,SAAS,8BAApC;AAAA;AAAA;AAAA;AAAA,SAAkD;AAC3D;AAAEC,KAFIF;AAIN,eAAeA;AAAa;AAAAG",
      "names": [
        "React",
        "styles",
        "NotFoundPage",
        "section",
        "_c",
        "$RefreshReg$"
      ],
      "sources": [
        "/Users/elukashova/Desktop/rs-school/stage03/rs-react/src/pages/404/404.tsx"
      ],
      "file": "/Users/elukashova/Desktop/rs-school/stage03/rs-react/src/pages/404/404.tsx"
    },
    "_coverageSchema": "1a1c01bbd47fc00a2c39e90264f33305004495a9",
    "hash": "6a64c16210bc27e9aeea12f726cfb04eed96d59d"
  },
  "/Users/elukashova/Desktop/rs-school/stage03/rs-react/src/pages/About/About.tsx": {
    "path": "/Users/elukashova/Desktop/rs-school/stage03/rs-react/src/pages/About/About.tsx",
    "statementMap": {
      "0": {
        "start": {
          "line": 5,
          "column": 0
        },
        "end": {
          "line": 15,
          "column": 1
        }
      },
      "1": {
        "start": {
          "line": 6,
          "column": 2
        },
        "end": {
          "line": 8,
          "column": 3
        }
      },
      "2": {
        "start": {
          "line": 7,
          "column": 4
        },
        "end": {
          "line": 7,
          "column": 165
        }
      },
      "3": {
        "start": {
          "line": 9,
          "column": 2
        },
        "end": {
          "line": 9,
          "column": 39
        }
      },
      "4": {
        "start": {
          "line": 10,
          "column": 2
        },
        "end": {
          "line": 10,
          "column": 39
        }
      },
      "5": {
        "start": {
          "line": 11,
          "column": 2
        },
        "end": {
          "line": 13,
          "column": 4
        }
      },
      "6": {
        "start": {
          "line": 12,
          "column": 4
        },
        "end": {
          "line": 12,
          "column": 122
        }
      },
      "7": {
        "start": {
          "line": 14,
          "column": 2
        },
        "end": {
          "line": 14,
          "column": 75
        }
      },
      "8": {
        "start": {
          "line": 17,
          "column": 18
        },
        "end": {
          "line": 23,
          "column": 1
        }
      },
      "9": {
        "start": {
          "line": 18,
          "column": 2
        },
        "end": {
          "line": 22,
          "column": 11
        }
      },
      "10": {
        "start": {
          "line": 24,
          "column": 0
        },
        "end": {
          "line": 24,
          "column": 15
        }
      },
      "11": {
        "start": {
          "line": 27,
          "column": 0
        },
        "end": {
          "line": 27,
          "column": 30
        }
      },
      "12": {
        "start": {
          "line": 28,
          "column": 0
        },
        "end": {
          "line": 44,
          "column": 1
        }
      },
      "13": {
        "start": {
          "line": 29,
          "column": 2
        },
        "end": {
          "line": 29,
          "column": 39
        }
      },
      "14": {
        "start": {
          "line": 30,
          "column": 2
        },
        "end": {
          "line": 30,
          "column": 39
        }
      },
      "15": {
        "start": {
          "line": 31,
          "column": 2
        },
        "end": {
          "line": 43,
          "column": 5
        }
      },
      "16": {
        "start": {
          "line": 35,
          "column": 4
        },
        "end": {
          "line": 35,
          "column": 148
        }
      },
      "17": {
        "start": {
          "line": 36,
          "column": 4
        },
        "end": {
          "line": 42,
          "column": 7
        }
      },
      "18": {
        "start": {
          "line": 37,
          "column": 6
        },
        "end": {
          "line": 38,
          "column": 15
        }
      },
      "19": {
        "start": {
          "line": 38,
          "column": 8
        },
        "end": {
          "line": 38,
          "column": 15
        }
      },
      "20": {
        "start": {
          "line": 39,
          "column": 32
        },
        "end": {
          "line": 39,
          "column": 115
        }
      },
      "21": {
        "start": {
          "line": 40,
          "column": 6
        },
        "end": {
          "line": 41,
          "column": 54
        }
      },
      "22": {
        "start": {
          "line": 41,
          "column": 8
        },
        "end": {
          "line": 41,
          "column": 54
        }
      }
    },
    "fnMap": {
      "0": {
        "name": "(anonymous_0)",
        "decl": {
          "start": {
            "line": 11,
            "column": 24
          },
          "end": {
            "line": 11,
            "column": 25
          }
        },
        "loc": {
          "start": {
            "line": 11,
            "column": 38
          },
          "end": {
            "line": 13,
            "column": 3
          }
        },
        "line": 11
      },
      "1": {
        "name": "(anonymous_1)",
        "decl": {
          "start": {
            "line": 17,
            "column": 18
          },
          "end": {
            "line": 17,
            "column": 19
          }
        },
        "loc": {
          "start": {
            "line": 17,
            "column": 24
          },
          "end": {
            "line": 23,
            "column": 1
          }
        },
        "line": 17
      },
      "2": {
        "name": "(anonymous_2)",
        "decl": {
          "start": {
            "line": 34,
            "column": 9
          },
          "end": {
            "line": 34,
            "column": 10
          }
        },
        "loc": {
          "start": {
            "line": 34,
            "column": 29
          },
          "end": {
            "line": 43,
            "column": 3
          }
        },
        "line": 34
      },
      "3": {
        "name": "(anonymous_3)",
        "decl": {
          "start": {
            "line": 36,
            "column": 27
          },
          "end": {
            "line": 36,
            "column": 28
          }
        },
        "loc": {
          "start": {
            "line": 36,
            "column": 44
          },
          "end": {
            "line": 42,
            "column": 5
          }
        },
        "line": 36
      }
    },
    "branchMap": {
      "0": {
        "loc": {
          "start": {
            "line": 5,
            "column": 0
          },
          "end": {
            "line": 15,
            "column": 1
          }
        },
        "type": "if",
        "locations": [
          {
            "start": {
              "line": 5,
              "column": 0
            },
            "end": {
              "line": 15,
              "column": 1
            }
          },
          {
            "start": {},
            "end": {}
          }
        ],
        "line": 5
      },
      "1": {
        "loc": {
          "start": {
            "line": 6,
            "column": 2
          },
          "end": {
            "line": 8,
            "column": 3
          }
        },
        "type": "if",
        "locations": [
          {
            "start": {
              "line": 6,
              "column": 2
            },
            "end": {
              "line": 8,
              "column": 3
            }
          },
          {
            "start": {},
            "end": {}
          }
        ],
        "line": 6
      },
      "2": {
        "loc": {
          "start": {
            "line": 28,
            "column": 0
          },
          "end": {
            "line": 44,
            "column": 1
          }
        },
        "type": "if",
        "locations": [
          {
            "start": {
              "line": 28,
              "column": 0
            },
            "end": {
              "line": 44,
              "column": 1
            }
          },
          {
            "start": {},
            "end": {}
          }
        ],
        "line": 28
      },
      "3": {
        "loc": {
          "start": {
            "line": 37,
            "column": 6
          },
          "end": {
            "line": 38,
            "column": 15
          }
        },
        "type": "if",
        "locations": [
          {
            "start": {
              "line": 37,
              "column": 6
            },
            "end": {
              "line": 38,
              "column": 15
            }
          },
          {
            "start": {},
            "end": {}
          }
        ],
        "line": 37
      },
      "4": {
        "loc": {
          "start": {
            "line": 40,
            "column": 6
          },
          "end": {
            "line": 41,
            "column": 54
          }
        },
        "type": "if",
        "locations": [
          {
            "start": {
              "line": 40,
              "column": 6
            },
            "end": {
              "line": 41,
              "column": 54
            }
          },
          {
            "start": {},
            "end": {}
          }
        ],
        "line": 40
      }
    },
    "s": {
      "0": 11,
      "1": 11,
      "2": 0,
      "3": 11,
      "4": 11,
      "5": 11,
      "6": 11,
      "7": 11,
      "8": 11,
      "9": 1,
      "10": 11,
      "11": 11,
      "12": 11,
      "13": 11,
      "14": 11,
      "15": 11,
      "16": 10,
      "17": 10,
      "18": 0,
      "19": 0,
      "20": 0,
      "21": 0,
      "22": 0
    },
    "f": {
      "0": 11,
      "1": 1,
      "2": 10,
      "3": 0
    },
    "b": {
      "0": [
        11,
        0
      ],
      "1": [
        0,
        11
      ],
      "2": [
        11,
        0
      ],
      "3": [
        0,
        0
      ],
      "4": [
        0,
        0
      ]
    },
    "inputSourceMap": {
      "version": 3,
      "mappings": "AAIS;AAJT,OAAOA,oBAAkB;AAAA;AAAA;AAAA;AAAA;AAAA;AAAA;AAAA;AAAA;AAAA;AAAA;AAAA;AAAA;AAAA;AACzB,OAAOC,YAAY;AAEnB,MAAMC,YAAYA,MAAmB;AACnC,SAAO,uBAAC,aAAQ,WAAWD,OAAOE,SAAS,kCAApC;AAAA;AAAA;AAAA;AAAA,SAAsD;AAC/D;AAAEC,KAFIF;AAIN,eAAeA;AAAU;AAAAG",
      "names": [
        "React",
        "styles",
        "AboutPage",
        "section",
        "_c",
        "$RefreshReg$"
      ],
      "sources": [
        "/Users/elukashova/Desktop/rs-school/stage03/rs-react/src/pages/About/About.tsx"
      ],
      "file": "/Users/elukashova/Desktop/rs-school/stage03/rs-react/src/pages/About/About.tsx"
    },
    "_coverageSchema": "1a1c01bbd47fc00a2c39e90264f33305004495a9",
    "hash": "7be2889327a2689c7329c6d3eab685d259d55f58"
  },
  "/Users/elukashova/Desktop/rs-school/stage03/rs-react/src/components/FormsComponents/Form/Validation/Error/Error.tsx": {
    "path": "/Users/elukashova/Desktop/rs-school/stage03/rs-react/src/components/FormsComponents/Form/Validation/Error/Error.tsx",
    "statementMap": {
      "0": {
        "start": {
          "line": 5,
          "column": 0
        },
        "end": {
          "line": 15,
          "column": 1
        }
      },
      "1": {
        "start": {
          "line": 6,
          "column": 2
        },
        "end": {
          "line": 8,
          "column": 3
        }
      },
      "2": {
        "start": {
          "line": 7,
          "column": 4
        },
        "end": {
          "line": 7,
          "column": 165
        }
      },
      "3": {
        "start": {
          "line": 9,
          "column": 2
        },
        "end": {
          "line": 9,
          "column": 39
        }
      },
      "4": {
        "start": {
          "line": 10,
          "column": 2
        },
        "end": {
          "line": 10,
          "column": 39
        }
      },
      "5": {
        "start": {
          "line": 11,
          "column": 2
        },
        "end": {
          "line": 13,
          "column": 4
        }
      },
      "6": {
        "start": {
          "line": 12,
          "column": 4
        },
        "end": {
          "line": 12,
          "column": 159
        }
      },
      "7": {
        "start": {
          "line": 14,
          "column": 2
        },
        "end": {
          "line": 14,
          "column": 75
        }
      },
      "8": {
        "start": {
          "line": 17,
          "column": 24
        },
        "end": {
          "line": 40,
          "column": 1
        }
      },
      "9": {
        "start": {
          "line": 20,
          "column": 2
        },
        "end": {
          "line": 39,
          "column": 11
        }
      },
      "10": {
        "start": {
          "line": 41,
          "column": 0
        },
        "end": {
          "line": 41,
          "column": 21
        }
      },
      "11": {
        "start": {
          "line": 44,
          "column": 0
        },
        "end": {
          "line": 44,
          "column": 36
        }
      },
      "12": {
        "start": {
          "line": 45,
          "column": 0
        },
        "end": {
          "line": 61,
          "column": 1
        }
      },
      "13": {
        "start": {
          "line": 46,
          "column": 2
        },
        "end": {
          "line": 46,
          "column": 39
        }
      },
      "14": {
        "start": {
          "line": 47,
          "column": 2
        },
        "end": {
          "line": 47,
          "column": 39
        }
      },
      "15": {
        "start": {
          "line": 48,
          "column": 2
        },
        "end": {
          "line": 60,
          "column": 5
        }
      },
      "16": {
        "start": {
          "line": 52,
          "column": 4
        },
        "end": {
          "line": 52,
          "column": 185
        }
      },
      "17": {
        "start": {
          "line": 53,
          "column": 4
        },
        "end": {
          "line": 59,
          "column": 7
        }
      },
      "18": {
        "start": {
          "line": 54,
          "column": 6
        },
        "end": {
          "line": 55,
          "column": 15
        }
      },
      "19": {
        "start": {
          "line": 55,
          "column": 8
        },
        "end": {
          "line": 55,
          "column": 15
        }
      },
      "20": {
        "start": {
          "line": 56,
          "column": 32
        },
        "end": {
          "line": 56,
          "column": 115
        }
      },
      "21": {
        "start": {
          "line": 57,
          "column": 6
        },
        "end": {
          "line": 58,
          "column": 54
        }
      },
      "22": {
        "start": {
          "line": 58,
          "column": 8
        },
        "end": {
          "line": 58,
          "column": 54
        }
      }
    },
    "fnMap": {
      "0": {
        "name": "(anonymous_0)",
        "decl": {
          "start": {
            "line": 11,
            "column": 24
          },
          "end": {
            "line": 11,
            "column": 25
          }
        },
        "loc": {
          "start": {
            "line": 11,
            "column": 38
          },
          "end": {
            "line": 13,
            "column": 3
          }
        },
        "line": 11
      },
      "1": {
        "name": "(anonymous_1)",
        "decl": {
          "start": {
            "line": 17,
            "column": 24
          },
          "end": {
            "line": 17,
            "column": 25
          }
        },
        "loc": {
          "start": {
            "line": 19,
            "column": 6
          },
          "end": {
            "line": 40,
            "column": 1
          }
        },
        "line": 19
      },
      "2": {
        "name": "(anonymous_2)",
        "decl": {
          "start": {
            "line": 51,
            "column": 9
          },
          "end": {
            "line": 51,
            "column": 10
          }
        },
        "loc": {
          "start": {
            "line": 51,
            "column": 29
          },
          "end": {
            "line": 60,
            "column": 3
          }
        },
        "line": 51
      },
      "3": {
        "name": "(anonymous_3)",
        "decl": {
          "start": {
            "line": 53,
            "column": 27
          },
          "end": {
            "line": 53,
            "column": 28
          }
        },
        "loc": {
          "start": {
            "line": 53,
            "column": 44
          },
          "end": {
            "line": 59,
            "column": 5
          }
        },
        "line": 53
      }
    },
    "branchMap": {
      "0": {
        "loc": {
          "start": {
            "line": 5,
            "column": 0
          },
          "end": {
            "line": 15,
            "column": 1
          }
        },
        "type": "if",
        "locations": [
          {
            "start": {
              "line": 5,
              "column": 0
            },
            "end": {
              "line": 15,
              "column": 1
            }
          },
          {
            "start": {},
            "end": {}
          }
        ],
        "line": 5
      },
      "1": {
        "loc": {
          "start": {
            "line": 6,
            "column": 2
          },
          "end": {
            "line": 8,
            "column": 3
          }
        },
        "type": "if",
        "locations": [
          {
            "start": {
              "line": 6,
              "column": 2
            },
            "end": {
              "line": 8,
              "column": 3
            }
          },
          {
            "start": {},
            "end": {}
          }
        ],
        "line": 6
      },
      "2": {
        "loc": {
          "start": {
            "line": 45,
            "column": 0
          },
          "end": {
            "line": 61,
            "column": 1
          }
        },
        "type": "if",
        "locations": [
          {
            "start": {
              "line": 45,
              "column": 0
            },
            "end": {
              "line": 61,
              "column": 1
            }
          },
          {
            "start": {},
            "end": {}
          }
        ],
        "line": 45
      },
      "3": {
        "loc": {
          "start": {
            "line": 54,
            "column": 6
          },
          "end": {
            "line": 55,
            "column": 15
          }
        },
        "type": "if",
        "locations": [
          {
            "start": {
              "line": 54,
              "column": 6
            },
            "end": {
              "line": 55,
              "column": 15
            }
          },
          {
            "start": {},
            "end": {}
          }
        ],
        "line": 54
      },
      "4": {
        "loc": {
          "start": {
            "line": 57,
            "column": 6
          },
          "end": {
            "line": 58,
            "column": 54
          }
        },
        "type": "if",
        "locations": [
          {
            "start": {
              "line": 57,
              "column": 6
            },
            "end": {
              "line": 58,
              "column": 54
            }
          },
          {
            "start": {},
            "end": {}
          }
        ],
        "line": 57
      }
    },
    "s": {
      "0": 11,
      "1": 11,
      "2": 0,
      "3": 11,
      "4": 11,
      "5": 11,
      "6": 11,
      "7": 11,
      "8": 11,
      "9": 20,
      "10": 11,
      "11": 11,
      "12": 11,
      "13": 11,
      "14": 11,
      "15": 11,
      "16": 10,
      "17": 10,
      "18": 0,
      "19": 0,
      "20": 0,
      "21": 0,
      "22": 0
    },
    "f": {
      "0": 11,
      "1": 20,
      "2": 10,
      "3": 0
    },
    "b": {
      "0": [
        11,
        0
      ],
      "1": [
        0,
        11
      ],
      "2": [
        11,
        0
      ],
      "3": [
        0,
        0
      ],
      "4": [
        0,
        0
      ]
    },
    "inputSourceMap": {
      "version": 3,
      "mappings": "AASI,mBAEI,cAFJ;AATJ,OAAOA,oBAAY;AAAoB;AAAA;AAAA;AAAA;AAAA;AAAA;AAAA;AAAA;AAAA;AAAA;AAAA;AAAA;AAAA;AAAA;AAOvC,MAAMC,kBAAkBA,CAAC;AAAA,EAAEC;AAAe,MAAmB;AAC3D,SACE,mCACE,iCAAC,SAAI,eAAY,SAAQ,WAAWF,OAAO,eAAe,GAAG,WAAQ,SACnE;AAAA,2BAAC,OAAE,WAAWA,OAAOG,aAAa,mBAAlC;AAAA;AAAA;AAAA;AAAA,WAAqC;AAAA,IACrC,uBAAC,OAAE,WAAWH,OAAOI,OAAQF,qBAA7B;AAAA;AAAA;AAAA;AAAA,WAAqC;AAAA,OAFvC;AAAA;AAAA;AAAA;AAAA,SAGA,KAJF;AAAA;AAAA;AAAA;AAAA,SAKA;AAEJ;AAAEG,KATIJ;AAWN,eAAeA;AAAgB;AAAAK",
      "names": [
        "styles",
        "ValidationError",
        "message",
        "exclamation",
        "error",
        "_c",
        "$RefreshReg$"
      ],
      "sources": [
        "/Users/elukashova/Desktop/rs-school/stage03/rs-react/src/components/FormsComponents/Form/Validation/Error/Error.tsx"
      ],
      "file": "/Users/elukashova/Desktop/rs-school/stage03/rs-react/src/components/FormsComponents/Form/Validation/Error/Error.tsx"
    },
    "_coverageSchema": "1a1c01bbd47fc00a2c39e90264f33305004495a9",
    "hash": "0afdb6ae7030d5357a5469dd28834d52999d65d6"
  },
  "/Users/elukashova/Desktop/rs-school/stage03/rs-react/src/components/FormsComponents/Form/Input/Input.tsx": {
    "path": "/Users/elukashova/Desktop/rs-school/stage03/rs-react/src/components/FormsComponents/Form/Input/Input.tsx",
    "statementMap": {
      "0": {
        "start": {
          "line": 5,
          "column": 0
        },
        "end": {
          "line": 15,
          "column": 1
        }
      },
      "1": {
        "start": {
          "line": 6,
          "column": 2
        },
        "end": {
          "line": 8,
          "column": 3
        }
      },
      "2": {
        "start": {
          "line": 7,
          "column": 4
        },
        "end": {
          "line": 7,
          "column": 165
        }
      },
      "3": {
        "start": {
          "line": 9,
          "column": 2
        },
        "end": {
          "line": 9,
          "column": 39
        }
      },
      "4": {
        "start": {
          "line": 10,
          "column": 2
        },
        "end": {
          "line": 10,
          "column": 39
        }
      },
      "5": {
        "start": {
          "line": 11,
          "column": 2
        },
        "end": {
          "line": 13,
          "column": 4
        }
      },
      "6": {
        "start": {
          "line": 12,
          "column": 4
        },
        "end": {
          "line": 12,
          "column": 148
        }
      },
      "7": {
        "start": {
          "line": 14,
          "column": 2
        },
        "end": {
          "line": 14,
          "column": 75
        }
      },
      "8": {
        "start": {
          "line": 17,
          "column": 19
        },
        "end": {
          "line": 42,
          "column": 1
        }
      },
      "9": {
        "start": {
          "line": 25,
          "column": 6
        },
        "end": {
          "line": 25,
          "column": 11
        }
      },
      "10": {
        "start": {
          "line": 26,
          "column": 2
        },
        "end": {
          "line": 41,
          "column": 11
        }
      },
      "11": {
        "start": {
          "line": 43,
          "column": 0
        },
        "end": {
          "line": 43,
          "column": 16
        }
      },
      "12": {
        "start": {
          "line": 46,
          "column": 0
        },
        "end": {
          "line": 46,
          "column": 31
        }
      },
      "13": {
        "start": {
          "line": 47,
          "column": 0
        },
        "end": {
          "line": 63,
          "column": 1
        }
      },
      "14": {
        "start": {
          "line": 48,
          "column": 2
        },
        "end": {
          "line": 48,
          "column": 39
        }
      },
      "15": {
        "start": {
          "line": 49,
          "column": 2
        },
        "end": {
          "line": 49,
          "column": 39
        }
      },
      "16": {
        "start": {
          "line": 50,
          "column": 2
        },
        "end": {
          "line": 62,
          "column": 5
        }
      },
      "17": {
        "start": {
          "line": 54,
          "column": 4
        },
        "end": {
          "line": 54,
          "column": 174
        }
      },
      "18": {
        "start": {
          "line": 55,
          "column": 4
        },
        "end": {
          "line": 61,
          "column": 7
        }
      },
      "19": {
        "start": {
          "line": 56,
          "column": 6
        },
        "end": {
          "line": 57,
          "column": 15
        }
      },
      "20": {
        "start": {
          "line": 57,
          "column": 8
        },
        "end": {
          "line": 57,
          "column": 15
        }
      },
      "21": {
        "start": {
          "line": 58,
          "column": 32
        },
        "end": {
          "line": 58,
          "column": 115
        }
      },
      "22": {
        "start": {
          "line": 59,
          "column": 6
        },
        "end": {
          "line": 60,
          "column": 54
        }
      },
      "23": {
        "start": {
          "line": 60,
          "column": 8
        },
        "end": {
          "line": 60,
          "column": 54
        }
      }
    },
    "fnMap": {
      "0": {
        "name": "(anonymous_0)",
        "decl": {
          "start": {
            "line": 11,
            "column": 24
          },
          "end": {
            "line": 11,
            "column": 25
          }
        },
        "loc": {
          "start": {
            "line": 11,
            "column": 38
          },
          "end": {
            "line": 13,
            "column": 3
          }
        },
        "line": 11
      },
      "1": {
        "name": "(anonymous_1)",
        "decl": {
          "start": {
            "line": 17,
            "column": 19
          },
          "end": {
            "line": 17,
            "column": 20
          }
        },
        "loc": {
          "start": {
            "line": 17,
            "column": 30
          },
          "end": {
            "line": 42,
            "column": 1
          }
        },
        "line": 17
      },
      "2": {
        "name": "(anonymous_2)",
        "decl": {
          "start": {
            "line": 53,
            "column": 9
          },
          "end": {
            "line": 53,
            "column": 10
          }
        },
        "loc": {
          "start": {
            "line": 53,
            "column": 29
          },
          "end": {
            "line": 62,
            "column": 3
          }
        },
        "line": 53
      },
      "3": {
        "name": "(anonymous_3)",
        "decl": {
          "start": {
            "line": 55,
            "column": 27
          },
          "end": {
            "line": 55,
            "column": 28
          }
        },
        "loc": {
          "start": {
            "line": 55,
            "column": 44
          },
          "end": {
            "line": 61,
            "column": 5
          }
        },
        "line": 55
      }
    },
    "branchMap": {
      "0": {
        "loc": {
          "start": {
            "line": 5,
            "column": 0
          },
          "end": {
            "line": 15,
            "column": 1
          }
        },
        "type": "if",
        "locations": [
          {
            "start": {
              "line": 5,
              "column": 0
            },
            "end": {
              "line": 15,
              "column": 1
            }
          },
          {
            "start": {},
            "end": {}
          }
        ],
        "line": 5
      },
      "1": {
        "loc": {
          "start": {
            "line": 6,
            "column": 2
          },
          "end": {
            "line": 8,
            "column": 3
          }
        },
        "type": "if",
        "locations": [
          {
            "start": {
              "line": 6,
              "column": 2
            },
            "end": {
              "line": 8,
              "column": 3
            }
          },
          {
            "start": {},
            "end": {}
          }
        ],
        "line": 6
      },
      "2": {
        "loc": {
          "start": {
            "line": 26,
            "column": 99
          },
          "end": {
            "line": 26,
            "column": 145
          }
        },
        "type": "cond-expr",
        "locations": [
          {
            "start": {
              "line": 26,
              "column": 112
            },
            "end": {
              "line": 26,
              "column": 130
            }
          },
          {
            "start": {
              "line": 26,
              "column": 133
            },
            "end": {
              "line": 26,
              "column": 145
            }
          }
        ],
        "line": 26
      },
      "3": {
        "loc": {
          "start": {
            "line": 47,
            "column": 0
          },
          "end": {
            "line": 63,
            "column": 1
          }
        },
        "type": "if",
        "locations": [
          {
            "start": {
              "line": 47,
              "column": 0
            },
            "end": {
              "line": 63,
              "column": 1
            }
          },
          {
            "start": {},
            "end": {}
          }
        ],
        "line": 47
      },
      "4": {
        "loc": {
          "start": {
            "line": 56,
            "column": 6
          },
          "end": {
            "line": 57,
            "column": 15
          }
        },
        "type": "if",
        "locations": [
          {
            "start": {
              "line": 56,
              "column": 6
            },
            "end": {
              "line": 57,
              "column": 15
            }
          },
          {
            "start": {},
            "end": {}
          }
        ],
        "line": 56
      },
      "5": {
        "loc": {
          "start": {
            "line": 59,
            "column": 6
          },
          "end": {
            "line": 60,
            "column": 54
          }
        },
        "type": "if",
        "locations": [
          {
            "start": {
              "line": 59,
              "column": 6
            },
            "end": {
              "line": 60,
              "column": 54
            }
          },
          {
            "start": {},
            "end": {}
          }
        ],
        "line": 59
      }
    },
    "s": {
      "0": 11,
      "1": 11,
      "2": 0,
      "3": 11,
      "4": 11,
      "5": 11,
      "6": 11,
      "7": 11,
      "8": 11,
      "9": 52,
      "10": 52,
      "11": 11,
      "12": 11,
      "13": 11,
      "14": 11,
      "15": 11,
      "16": 11,
      "17": 10,
      "18": 10,
      "19": 0,
      "20": 0,
      "21": 0,
      "22": 0,
      "23": 0
    },
    "f": {
      "0": 11,
      "1": 52,
      "2": 10,
      "3": 0
    },
    "b": {
      "0": [
        11,
        0
      ],
      "1": [
        0,
        11
      ],
      "2": [
        0,
        52
      ],
      "3": [
        11,
        0
      ],
      "4": [
        0,
        0
      ],
      "5": [
        0,
        0
      ]
    },
    "inputSourceMap": {
      "version": 3,
      "mappings": "AAoBI,mBAGI,cAHJ;AApBJ,OAAOA,oBAAY;AAAoB;AAAA;AAAA;AAAA;AAAA;AAAA;AAAA;AAAA;AAAA;AAAA;AAAA;AAAA;AAAA;AAAA;AAiBvC,MAAMC,aAAaA,CAACC,UAA8B;AAChD,QAAM;AAAA,IAAEC;AAAAA,IAAOC;AAAAA,IAAWC;AAAAA,IAAMC;AAAAA,IAAYC;AAAAA,IAAU,GAAGC;AAAAA,EAAK,IAAIN;AAClE,SACE,mCACE,iCAAC,WAAM,WAAWI,aAAaN,OAAOM,UAAU,IAAIN,OAAOG,OACxDA;AAAAA;AAAAA,IACD,uBAAC,WAAM,WAAWH,OAAOK,IAAI,GAAG,eAAaA,MAAM,MAAY,GAAIE,UAAU,GAAIC,QAAjF;AAAA;AAAA;AAAA;AAAA,WAAsF;AAAA,OAFxF;AAAA;AAAA;AAAA;AAAA,SAGA,KAJF;AAAA;AAAA;AAAA;AAAA,SAKA;AAEJ;AAAEC,KAVIR;AAYN,eAAeA;AAAW;AAAAS",
      "names": [
        "styles",
        "LabelInput",
        "props",
        "label",
        "className",
        "type",
        "labelClass",
        "register",
        "rest",
        "_c",
        "$RefreshReg$"
      ],
      "sources": [
        "/Users/elukashova/Desktop/rs-school/stage03/rs-react/src/components/FormsComponents/Form/Input/Input.tsx"
      ],
      "file": "/Users/elukashova/Desktop/rs-school/stage03/rs-react/src/components/FormsComponents/Form/Input/Input.tsx"
    },
    "_coverageSchema": "1a1c01bbd47fc00a2c39e90264f33305004495a9",
    "hash": "b430da98cb49299f1fe8edb2c7f8adbefdde99f8"
  },
  "/Users/elukashova/Desktop/rs-school/stage03/rs-react/src/components/FormsComponents/Form/RadioStar/Star.tsx": {
    "path": "/Users/elukashova/Desktop/rs-school/stage03/rs-react/src/components/FormsComponents/Form/RadioStar/Star.tsx",
    "statementMap": {
      "0": {
        "start": {
          "line": 5,
          "column": 0
        },
        "end": {
          "line": 15,
          "column": 1
        }
      },
      "1": {
        "start": {
          "line": 6,
          "column": 2
        },
        "end": {
          "line": 8,
          "column": 3
        }
      },
      "2": {
        "start": {
          "line": 7,
          "column": 4
        },
        "end": {
          "line": 7,
          "column": 165
        }
      },
      "3": {
        "start": {
          "line": 9,
          "column": 2
        },
        "end": {
          "line": 9,
          "column": 39
        }
      },
      "4": {
        "start": {
          "line": 10,
          "column": 2
        },
        "end": {
          "line": 10,
          "column": 39
        }
      },
      "5": {
        "start": {
          "line": 11,
          "column": 2
        },
        "end": {
          "line": 13,
          "column": 4
        }
      },
      "6": {
        "start": {
          "line": 12,
          "column": 4
        },
        "end": {
          "line": 12,
          "column": 151
        }
      },
      "7": {
        "start": {
          "line": 14,
          "column": 2
        },
        "end": {
          "line": 14,
          "column": 75
        }
      },
      "8": {
        "start": {
          "line": 17,
          "column": 18
        },
        "end": {
          "line": 37,
          "column": 1
        }
      },
      "9": {
        "start": {
          "line": 21,
          "column": 2
        },
        "end": {
          "line": 36,
          "column": 11
        }
      },
      "10": {
        "start": {
          "line": 38,
          "column": 0
        },
        "end": {
          "line": 38,
          "column": 15
        }
      },
      "11": {
        "start": {
          "line": 41,
          "column": 0
        },
        "end": {
          "line": 41,
          "column": 30
        }
      },
      "12": {
        "start": {
          "line": 42,
          "column": 0
        },
        "end": {
          "line": 58,
          "column": 1
        }
      },
      "13": {
        "start": {
          "line": 43,
          "column": 2
        },
        "end": {
          "line": 43,
          "column": 39
        }
      },
      "14": {
        "start": {
          "line": 44,
          "column": 2
        },
        "end": {
          "line": 44,
          "column": 39
        }
      },
      "15": {
        "start": {
          "line": 45,
          "column": 2
        },
        "end": {
          "line": 57,
          "column": 5
        }
      },
      "16": {
        "start": {
          "line": 49,
          "column": 4
        },
        "end": {
          "line": 49,
          "column": 177
        }
      },
      "17": {
        "start": {
          "line": 50,
          "column": 4
        },
        "end": {
          "line": 56,
          "column": 7
        }
      },
      "18": {
        "start": {
          "line": 51,
          "column": 6
        },
        "end": {
          "line": 52,
          "column": 15
        }
      },
      "19": {
        "start": {
          "line": 52,
          "column": 8
        },
        "end": {
          "line": 52,
          "column": 15
        }
      },
      "20": {
        "start": {
          "line": 53,
          "column": 32
        },
        "end": {
          "line": 53,
          "column": 115
        }
      },
      "21": {
        "start": {
          "line": 54,
          "column": 6
        },
        "end": {
          "line": 55,
          "column": 54
        }
      },
      "22": {
        "start": {
          "line": 55,
          "column": 8
        },
        "end": {
          "line": 55,
          "column": 54
        }
      }
    },
    "fnMap": {
      "0": {
        "name": "(anonymous_0)",
        "decl": {
          "start": {
            "line": 11,
            "column": 24
          },
          "end": {
            "line": 11,
            "column": 25
          }
        },
        "loc": {
          "start": {
            "line": 11,
            "column": 38
          },
          "end": {
            "line": 13,
            "column": 3
          }
        },
        "line": 11
      },
      "1": {
        "name": "(anonymous_1)",
        "decl": {
          "start": {
            "line": 17,
            "column": 18
          },
          "end": {
            "line": 17,
            "column": 19
          }
        },
        "loc": {
          "start": {
            "line": 20,
            "column": 6
          },
          "end": {
            "line": 37,
            "column": 1
          }
        },
        "line": 20
      },
      "2": {
        "name": "(anonymous_2)",
        "decl": {
          "start": {
            "line": 48,
            "column": 9
          },
          "end": {
            "line": 48,
            "column": 10
          }
        },
        "loc": {
          "start": {
            "line": 48,
            "column": 29
          },
          "end": {
            "line": 57,
            "column": 3
          }
        },
        "line": 48
      },
      "3": {
        "name": "(anonymous_3)",
        "decl": {
          "start": {
            "line": 50,
            "column": 27
          },
          "end": {
            "line": 50,
            "column": 28
          }
        },
        "loc": {
          "start": {
            "line": 50,
            "column": 44
          },
          "end": {
            "line": 56,
            "column": 5
          }
        },
        "line": 50
      }
    },
    "branchMap": {
      "0": {
        "loc": {
          "start": {
            "line": 5,
            "column": 0
          },
          "end": {
            "line": 15,
            "column": 1
          }
        },
        "type": "if",
        "locations": [
          {
            "start": {
              "line": 5,
              "column": 0
            },
            "end": {
              "line": 15,
              "column": 1
            }
          },
          {
            "start": {},
            "end": {}
          }
        ],
        "line": 5
      },
      "1": {
        "loc": {
          "start": {
            "line": 6,
            "column": 2
          },
          "end": {
            "line": 8,
            "column": 3
          }
        },
        "type": "if",
        "locations": [
          {
            "start": {
              "line": 6,
              "column": 2
            },
            "end": {
              "line": 8,
              "column": 3
            }
          },
          {
            "start": {},
            "end": {}
          }
        ],
        "line": 6
      },
      "2": {
        "loc": {
          "start": {
            "line": 42,
            "column": 0
          },
          "end": {
            "line": 58,
            "column": 1
          }
        },
        "type": "if",
        "locations": [
          {
            "start": {
              "line": 42,
              "column": 0
            },
            "end": {
              "line": 58,
              "column": 1
            }
          },
          {
            "start": {},
            "end": {}
          }
        ],
        "line": 42
      },
      "3": {
        "loc": {
          "start": {
            "line": 51,
            "column": 6
          },
          "end": {
            "line": 52,
            "column": 15
          }
        },
        "type": "if",
        "locations": [
          {
            "start": {
              "line": 51,
              "column": 6
            },
            "end": {
              "line": 52,
              "column": 15
            }
          },
          {
            "start": {},
            "end": {}
          }
        ],
        "line": 51
      },
      "4": {
        "loc": {
          "start": {
            "line": 54,
            "column": 6
          },
          "end": {
            "line": 55,
            "column": 54
          }
        },
        "type": "if",
        "locations": [
          {
            "start": {
              "line": 54,
              "column": 6
            },
            "end": {
              "line": 55,
              "column": 54
            }
          },
          {
            "start": {},
            "end": {}
          }
        ],
        "line": 54
      }
    },
    "s": {
      "0": 11,
      "1": 11,
      "2": 0,
      "3": 11,
      "4": 11,
      "5": 11,
      "6": 11,
      "7": 11,
      "8": 11,
      "9": 65,
      "10": 11,
      "11": 11,
      "12": 11,
      "13": 11,
      "14": 11,
      "15": 11,
      "16": 10,
      "17": 10,
      "18": 0,
      "19": 0,
      "20": 0,
      "21": 0,
      "22": 0
    },
    "f": {
      "0": 11,
      "1": 65,
      "2": 10,
      "3": 0
    },
    "b": {
      "0": [
        11,
        0
      ],
      "1": [
        0,
        11
      ],
      "2": [
        11,
        0
      ],
      "3": [
        0,
        0
      ],
      "4": [
        0,
        0
      ]
    },
    "inputSourceMap": {
      "version": 3,
      "mappings": "AAWI,mBACE,cADF;AAXJ,OAAOA,oBAAY;AAAmB;AAAA;AAAA;AAAA;AAAA;AAAA;AAAA;AAAA;AAAA;AAAA;AAAA;AAAA;AAAA;AAAA;AAStC,MAAMC,YAAYA,CAAC;AAAA,EAAEC;AAAAA,EAAQC;AAAgB,MAAmB;AAC9D,SACE,mCACE;AAAA,2BAAC,WAAM,WAAWH,OAAO,aAAa,GAAG,SAAU,QAAOE,UACvDA,oBADH;AAAA;AAAA;AAAA;AAAA,WAEA;AAAA,IACA,uBAAC,WACC,WAAWF,OAAOI,OAClB,MAAK,SACL,OAAOF,QACP,IAAK,QAAOA,UACZ,eAAc,QAAOA,UACrB,WAAQ,UACR,GAAIC,YAPN;AAAA;AAAA;AAAA;AAAA,WAOe;AAAA,OAXjB;AAAA;AAAA;AAAA;AAAA,SAaA;AAEJ;AAAEE,KAjBIJ;AAkBN,eAAeA;AAAU;AAAAK",
      "names": [
        "styles",
        "RadioStar",
        "rating",
        "register",
        "radio",
        "_c",
        "$RefreshReg$"
      ],
      "sources": [
        "/Users/elukashova/Desktop/rs-school/stage03/rs-react/src/components/FormsComponents/Form/RadioStar/Star.tsx"
      ],
      "file": "/Users/elukashova/Desktop/rs-school/stage03/rs-react/src/components/FormsComponents/Form/RadioStar/Star.tsx"
    },
    "_coverageSchema": "1a1c01bbd47fc00a2c39e90264f33305004495a9",
    "hash": "718a7e85d53df12e5df3d209a322283fdbedd3a8"
  },
  "/Users/elukashova/Desktop/rs-school/stage03/rs-react/src/components/FormsComponents/Form/Validation/Error/Error.consts.tsx": {
    "path": "/Users/elukashova/Desktop/rs-school/stage03/rs-react/src/components/FormsComponents/Form/Validation/Error/Error.consts.tsx",
    "statementMap": {
      "0": {
        "start": {
          "line": 1,
          "column": 36
        },
        "end": {
          "line": 8,
          "column": 16
        }
      },
      "1": {
        "start": {
          "line": 2,
          "column": 2
        },
        "end": {
          "line": 2,
          "column": 49
        }
      },
      "2": {
        "start": {
          "line": 3,
          "column": 2
        },
        "end": {
          "line": 3,
          "column": 67
        }
      },
      "3": {
        "start": {
          "line": 4,
          "column": 2
        },
        "end": {
          "line": 4,
          "column": 114
        }
      },
      "4": {
        "start": {
          "line": 5,
          "column": 2
        },
        "end": {
          "line": 5,
          "column": 57
        }
      },
      "5": {
        "start": {
          "line": 6,
          "column": 2
        },
        "end": {
          "line": 6,
          "column": 67
        }
      },
      "6": {
        "start": {
          "line": 7,
          "column": 2
        },
        "end": {
          "line": 7,
          "column": 17
        }
      }
    },
    "fnMap": {
      "0": {
        "name": "(anonymous_0)",
        "decl": {
          "start": {
            "line": 1,
            "column": 37
          },
          "end": {
            "line": 1,
            "column": 38
          }
        },
        "loc": {
          "start": {
            "line": 1,
            "column": 50
          },
          "end": {
            "line": 8,
            "column": 1
          }
        },
        "line": 1
      }
    },
    "branchMap": {
      "0": {
        "loc": {
          "start": {
            "line": 8,
            "column": 3
          },
          "end": {
            "line": 8,
            "column": 15
          }
        },
        "type": "binary-expr",
        "locations": [
          {
            "start": {
              "line": 8,
              "column": 3
            },
            "end": {
              "line": 8,
              "column": 9
            }
          },
          {
            "start": {
              "line": 8,
              "column": 13
            },
            "end": {
              "line": 8,
              "column": 15
            }
          }
        ],
        "line": 8
      }
    },
    "s": {
      "0": 11,
      "1": 11,
      "2": 11,
      "3": 11,
      "4": 11,
      "5": 11,
      "6": 11
    },
    "f": {
      "0": 11
    },
    "b": {
      "0": [
        11,
        11
      ]
    },
    "inputSourceMap": {
      "version": 3,
      "mappings": "AAAO,WAAKA,SAAL,kBAAKA,YAAL;AACLC,wBAAW;AACXC,sBAAS;AACTC,oBAAO;AACPC,oBAAO;AACPC,yBAAY;AALFL;AAAAA",
      "names": [
        "Errors",
        "required",
        "avatar",
        "name",
        "date",
        "departure"
      ],
      "sources": [
        "/Users/elukashova/Desktop/rs-school/stage03/rs-react/src/components/FormsComponents/Form/Validation/Error/Error.consts.tsx"
      ],
      "file": "/Users/elukashova/Desktop/rs-school/stage03/rs-react/src/components/FormsComponents/Form/Validation/Error/Error.consts.tsx"
    },
    "_coverageSchema": "1a1c01bbd47fc00a2c39e90264f33305004495a9",
    "hash": "f14712e6718cc4256415b3a255535953dc0fea46"
  },
  "/Users/elukashova/Desktop/rs-school/stage03/rs-react/src/components/FormsComponents/Form/Validation/Validation.tsx": {
    "path": "/Users/elukashova/Desktop/rs-school/stage03/rs-react/src/components/FormsComponents/Form/Validation/Validation.tsx",
    "statementMap": {
      "0": {
        "start": {
          "line": 4,
          "column": 0
        },
        "end": {
          "line": 14,
          "column": 1
        }
      },
      "1": {
        "start": {
          "line": 5,
          "column": 2
        },
        "end": {
          "line": 7,
          "column": 3
        }
      },
      "2": {
        "start": {
          "line": 6,
          "column": 4
        },
        "end": {
          "line": 6,
          "column": 165
        }
      },
      "3": {
        "start": {
          "line": 8,
          "column": 2
        },
        "end": {
          "line": 8,
          "column": 39
        }
      },
      "4": {
        "start": {
          "line": 9,
          "column": 2
        },
        "end": {
          "line": 9,
          "column": 39
        }
      },
      "5": {
        "start": {
          "line": 10,
          "column": 2
        },
        "end": {
          "line": 12,
          "column": 4
        }
      },
      "6": {
        "start": {
          "line": 11,
          "column": 4
        },
        "end": {
          "line": 11,
          "column": 158
        }
      },
      "7": {
        "start": {
          "line": 13,
          "column": 2
        },
        "end": {
          "line": 13,
          "column": 75
        }
      },
      "8": {
        "start": {
          "line": 15,
          "column": 9
        },
        "end": {
          "line": 15,
          "column": 23
        }
      },
      "9": {
        "start": {
          "line": 18,
          "column": 22
        },
        "end": {
          "line": 36,
          "column": 1
        }
      },
      "10": {
        "start": {
          "line": 19,
          "column": 2
        },
        "end": {
          "line": 19,
          "column": 7
        }
      },
      "11": {
        "start": {
          "line": 20,
          "column": 32
        },
        "end": {
          "line": 20,
          "column": 43
        }
      },
      "12": {
        "start": {
          "line": 21,
          "column": 26
        },
        "end": {
          "line": 23,
          "column": 3
        }
      },
      "13": {
        "start": {
          "line": 22,
          "column": 4
        },
        "end": {
          "line": 22,
          "column": 62
        }
      },
      "14": {
        "start": {
          "line": 24,
          "column": 20
        },
        "end": {
          "line": 27,
          "column": 3
        }
      },
      "15": {
        "start": {
          "line": 25,
          "column": 24
        },
        "end": {
          "line": 25,
          "column": 109
        }
      },
      "16": {
        "start": {
          "line": 26,
          "column": 25
        },
        "end": {
          "line": 26,
          "column": 91
        }
      },
      "17": {
        "start": {
          "line": 28,
          "column": 22
        },
        "end": {
          "line": 30,
          "column": 3
        }
      },
      "18": {
        "start": {
          "line": 29,
          "column": 32
        },
        "end": {
          "line": 29,
          "column": 114
        }
      },
      "19": {
        "start": {
          "line": 31,
          "column": 2
        },
        "end": {
          "line": 35,
          "column": 4
        }
      },
      "20": {
        "start": {
          "line": 37,
          "column": 0
        },
        "end": {
          "line": 37,
          "column": 50
        }
      },
      "21": {
        "start": {
          "line": 39,
          "column": 0
        },
        "end": {
          "line": 55,
          "column": 1
        }
      },
      "22": {
        "start": {
          "line": 40,
          "column": 2
        },
        "end": {
          "line": 40,
          "column": 39
        }
      },
      "23": {
        "start": {
          "line": 41,
          "column": 2
        },
        "end": {
          "line": 41,
          "column": 39
        }
      },
      "24": {
        "start": {
          "line": 42,
          "column": 2
        },
        "end": {
          "line": 54,
          "column": 5
        }
      },
      "25": {
        "start": {
          "line": 46,
          "column": 4
        },
        "end": {
          "line": 46,
          "column": 184
        }
      },
      "26": {
        "start": {
          "line": 47,
          "column": 4
        },
        "end": {
          "line": 53,
          "column": 7
        }
      },
      "27": {
        "start": {
          "line": 48,
          "column": 6
        },
        "end": {
          "line": 49,
          "column": 15
        }
      },
      "28": {
        "start": {
          "line": 49,
          "column": 8
        },
        "end": {
          "line": 49,
          "column": 15
        }
      },
      "29": {
        "start": {
          "line": 50,
          "column": 32
        },
        "end": {
          "line": 50,
          "column": 115
        }
      },
      "30": {
        "start": {
          "line": 51,
          "column": 6
        },
        "end": {
          "line": 52,
          "column": 54
        }
      },
      "31": {
        "start": {
          "line": 52,
          "column": 8
        },
        "end": {
          "line": 52,
          "column": 54
        }
      }
    },
    "fnMap": {
      "0": {
        "name": "(anonymous_0)",
        "decl": {
          "start": {
            "line": 10,
            "column": 24
          },
          "end": {
            "line": 10,
            "column": 25
          }
        },
        "loc": {
          "start": {
            "line": 10,
            "column": 38
          },
          "end": {
            "line": 12,
            "column": 3
          }
        },
        "line": 10
      },
      "1": {
        "name": "(anonymous_1)",
        "decl": {
          "start": {
            "line": 18,
            "column": 22
          },
          "end": {
            "line": 18,
            "column": 23
          }
        },
        "loc": {
          "start": {
            "line": 18,
            "column": 28
          },
          "end": {
            "line": 36,
            "column": 1
          }
        },
        "line": 18
      },
      "2": {
        "name": "(anonymous_2)",
        "decl": {
          "start": {
            "line": 21,
            "column": 26
          },
          "end": {
            "line": 21,
            "column": 27
          }
        },
        "loc": {
          "start": {
            "line": 21,
            "column": 33
          },
          "end": {
            "line": 23,
            "column": 3
          }
        },
        "line": 21
      },
      "3": {
        "name": "(anonymous_3)",
        "decl": {
          "start": {
            "line": 25,
            "column": 14
          },
          "end": {
            "line": 25,
            "column": 15
          }
        },
        "loc": {
          "start": {
            "line": 25,
            "column": 24
          },
          "end": {
            "line": 25,
            "column": 109
          }
        },
        "line": 25
      },
      "4": {
        "name": "(anonymous_4)",
        "decl": {
          "start": {
            "line": 26,
            "column": 15
          },
          "end": {
            "line": 26,
            "column": 16
          }
        },
        "loc": {
          "start": {
            "line": 26,
            "column": 25
          },
          "end": {
            "line": 26,
            "column": 91
          }
        },
        "line": 26
      },
      "5": {
        "name": "(anonymous_5)",
        "decl": {
          "start": {
            "line": 29,
            "column": 21
          },
          "end": {
            "line": 29,
            "column": 22
          }
        },
        "loc": {
          "start": {
            "line": 29,
            "column": 32
          },
          "end": {
            "line": 29,
            "column": 114
          }
        },
        "line": 29
      },
      "6": {
        "name": "(anonymous_6)",
        "decl": {
          "start": {
            "line": 45,
            "column": 9
          },
          "end": {
            "line": 45,
            "column": 10
          }
        },
        "loc": {
          "start": {
            "line": 45,
            "column": 29
          },
          "end": {
            "line": 54,
            "column": 3
          }
        },
        "line": 45
      },
      "7": {
        "name": "(anonymous_7)",
        "decl": {
          "start": {
            "line": 47,
            "column": 27
          },
          "end": {
            "line": 47,
            "column": 28
          }
        },
        "loc": {
          "start": {
            "line": 47,
            "column": 44
          },
          "end": {
            "line": 53,
            "column": 5
          }
        },
        "line": 47
      }
    },
    "branchMap": {
      "0": {
        "loc": {
          "start": {
            "line": 4,
            "column": 0
          },
          "end": {
            "line": 14,
            "column": 1
          }
        },
        "type": "if",
        "locations": [
          {
            "start": {
              "line": 4,
              "column": 0
            },
            "end": {
              "line": 14,
              "column": 1
            }
          },
          {
            "start": {},
            "end": {}
          }
        ],
        "line": 4
      },
      "1": {
        "loc": {
          "start": {
            "line": 5,
            "column": 2
          },
          "end": {
            "line": 7,
            "column": 3
          }
        },
        "type": "if",
        "locations": [
          {
            "start": {
              "line": 5,
              "column": 2
            },
            "end": {
              "line": 7,
              "column": 3
            }
          },
          {
            "start": {},
            "end": {}
          }
        ],
        "line": 5
      },
      "2": {
        "loc": {
          "start": {
            "line": 25,
            "column": 24
          },
          "end": {
            "line": 25,
            "column": 109
          }
        },
        "type": "binary-expr",
        "locations": [
          {
            "start": {
              "line": 25,
              "column": 24
            },
            "end": {
              "line": 25,
              "column": 94
            }
          },
          {
            "start": {
              "line": 25,
              "column": 98
            },
            "end": {
              "line": 25,
              "column": 109
            }
          }
        ],
        "line": 25
      },
      "3": {
        "loc": {
          "start": {
            "line": 26,
            "column": 25
          },
          "end": {
            "line": 26,
            "column": 91
          }
        },
        "type": "binary-expr",
        "locations": [
          {
            "start": {
              "line": 26,
              "column": 25
            },
            "end": {
              "line": 26,
              "column": 71
            }
          },
          {
            "start": {
              "line": 26,
              "column": 75
            },
            "end": {
              "line": 26,
              "column": 91
            }
          }
        ],
        "line": 26
      },
      "4": {
        "loc": {
          "start": {
            "line": 29,
            "column": 32
          },
          "end": {
            "line": 29,
            "column": 114
          }
        },
        "type": "binary-expr",
        "locations": [
          {
            "start": {
              "line": 29,
              "column": 32
            },
            "end": {
              "line": 29,
              "column": 97
            }
          },
          {
            "start": {
              "line": 29,
              "column": 101
            },
            "end": {
              "line": 29,
              "column": 114
            }
          }
        ],
        "line": 29
      },
      "5": {
        "loc": {
          "start": {
            "line": 39,
            "column": 0
          },
          "end": {
            "line": 55,
            "column": 1
          }
        },
        "type": "if",
        "locations": [
          {
            "start": {
              "line": 39,
              "column": 0
            },
            "end": {
              "line": 55,
              "column": 1
            }
          },
          {
            "start": {},
            "end": {}
          }
        ],
        "line": 39
      },
      "6": {
        "loc": {
          "start": {
            "line": 48,
            "column": 6
          },
          "end": {
            "line": 49,
            "column": 15
          }
        },
        "type": "if",
        "locations": [
          {
            "start": {
              "line": 48,
              "column": 6
            },
            "end": {
              "line": 49,
              "column": 15
            }
          },
          {
            "start": {},
            "end": {}
          }
        ],
        "line": 48
      },
      "7": {
        "loc": {
          "start": {
            "line": 51,
            "column": 6
          },
          "end": {
            "line": 52,
            "column": 54
          }
        },
        "type": "if",
        "locations": [
          {
            "start": {
              "line": 51,
              "column": 6
            },
            "end": {
              "line": 52,
              "column": 54
            }
          },
          {
            "start": {},
            "end": {}
          }
        ],
        "line": 51
      }
    },
    "s": {
      "0": 11,
      "1": 11,
      "2": 0,
      "3": 11,
      "4": 11,
      "5": 11,
      "6": 0,
      "7": 11,
      "8": 11,
      "9": 11,
      "10": 13,
      "11": 13,
      "12": 13,
      "13": 2,
      "14": 13,
      "15": 8,
      "16": 4,
      "17": 13,
      "18": 4,
      "19": 13,
      "20": 11,
      "21": 11,
      "22": 11,
      "23": 11,
      "24": 11,
      "25": 10,
      "26": 10,
      "27": 0,
      "28": 0,
      "29": 0,
      "30": 0,
      "31": 0
    },
    "f": {
      "0": 0,
      "1": 13,
      "2": 2,
      "3": 8,
      "4": 4,
      "5": 4,
      "6": 10,
      "7": 0
    },
    "b": {
      "0": [
        11,
        0
      ],
      "1": [
        0,
        11
      ],
      "2": [
        8,
        4
      ],
      "3": [
        4,
        3
      ],
      "4": [
        4,
        3
      ],
      "5": [
        11,
        0
      ],
      "6": [
        0,
        0
      ],
      "7": [
        0,
        0
      ]
    },
    "inputSourceMap": {
      "version": 3,
      "mappings": ";;;;;;;;;;;;;;;AAAA,SAASA,gBAAgB;AACzB,SAASC,cAAc;AAGvB,MAAMC,gBAAgBA,MAAsB;AAAAC;AAC1C,QAAM,CAACC,SAASC,UAAU,IAAIL,SAAiB,CAAC;AAEhD,QAAMM,kBAAkBA,CAACC,MAAiD;AACxEF,eAAW,IAAIG,KAAKD,EAAEE,OAAOC,KAAK,EAAEC,SAAS,GAAG,GAAG,GAAG,CAAC,CAAC;AAAA,EAC1D;AAEA,QAAMC,YAAuB;AAAA,IAC3BC,UAAUA,CAACC,SACT,IAAIN,KAAKM,IAAI,EAAEH,SAAS,GAAG,GAAG,GAAG,CAAC,KAAK,IAAIH,KAAI,EAAGG,SAAS,GAAG,GAAG,GAAG,CAAC,KAAKV,OAAOa;AAAAA,IACnFC,WAAWA,CAACD,SAAiBV,WAAW,IAAII,KAAKM,IAAI,EAAEH,SAAS,GAAG,GAAG,GAAG,CAAC,KAAKV,OAAOe;AAAAA,EACxF;AAEA,QAAMC,cAAyB;AAAA,IAC7BC,iBAAiBA,CAACC,UAChB,CAAC,cAAc,aAAa,WAAW,EAAEC,SAASD,MAAM,CAAC,GAAGE,IAAI,KAAKpB,OAAOqB;AAAAA,EAChF;AAEA,SAAO;AAAA,IAAEhB;AAAAA,IAAiBM;AAAAA,IAAWK;AAAAA,EAAY;AACnD;AAAEd,GAnBID,eAAa;AAqBnB,eAAeA",
      "names": [
        "useState",
        "Errors",
        "useValidation",
        "_s",
        "arrival",
        "setArrival",
        "onArrivalChange",
        "e",
        "Date",
        "target",
        "value",
        "setHours",
        "dateRules",
        "realDate",
        "date",
        "earlyDate",
        "departure",
        "avatarRules",
        "acceptedFormats",
        "files",
        "includes",
        "type",
        "avatar"
      ],
      "sources": [
        "/Users/elukashova/Desktop/rs-school/stage03/rs-react/src/components/FormsComponents/Form/Validation/Validation.tsx"
      ],
      "file": "/Users/elukashova/Desktop/rs-school/stage03/rs-react/src/components/FormsComponents/Form/Validation/Validation.tsx"
    },
    "_coverageSchema": "1a1c01bbd47fc00a2c39e90264f33305004495a9",
    "hash": "5cff111619a3112e5d00459619c22ae04a3dab75"
  },
  "/Users/elukashova/Desktop/rs-school/stage03/rs-react/src/components/FormsComponents/Form/Form.tsx": {
    "path": "/Users/elukashova/Desktop/rs-school/stage03/rs-react/src/components/FormsComponents/Form/Form.tsx",
    "statementMap": {
      "0": {
        "start": {
          "line": 5,
          "column": 0
        },
        "end": {
          "line": 15,
          "column": 1
        }
      },
      "1": {
        "start": {
          "line": 6,
          "column": 2
        },
        "end": {
          "line": 8,
          "column": 3
        }
      },
      "2": {
        "start": {
          "line": 7,
          "column": 4
        },
        "end": {
          "line": 7,
          "column": 165
        }
      },
      "3": {
        "start": {
          "line": 9,
          "column": 2
        },
        "end": {
          "line": 9,
          "column": 39
        }
      },
      "4": {
        "start": {
          "line": 10,
          "column": 2
        },
        "end": {
          "line": 10,
          "column": 39
        }
      },
      "5": {
        "start": {
          "line": 11,
          "column": 2
        },
        "end": {
          "line": 13,
          "column": 4
        }
      },
      "6": {
        "start": {
          "line": 12,
          "column": 4
        },
        "end": {
          "line": 12,
          "column": 141
        }
      },
      "7": {
        "start": {
          "line": 14,
          "column": 2
        },
        "end": {
          "line": 14,
          "column": 75
        }
      },
      "8": {
        "start": {
          "line": 16,
          "column": 9
        },
        "end": {
          "line": 16,
          "column": 23
        }
      },
      "9": {
        "start": {
          "line": 27,
          "column": 13
        },
        "end": {
          "line": 258,
          "column": 1
        }
      },
      "10": {
        "start": {
          "line": 28,
          "column": 2
        },
        "end": {
          "line": 28,
          "column": 7
        }
      },
      "11": {
        "start": {
          "line": 37,
          "column": 6
        },
        "end": {
          "line": 41,
          "column": 4
        }
      },
      "12": {
        "start": {
          "line": 46,
          "column": 6
        },
        "end": {
          "line": 46,
          "column": 21
        }
      },
      "13": {
        "start": {
          "line": 47,
          "column": 27
        },
        "end": {
          "line": 47,
          "column": 42
        }
      },
      "14": {
        "start": {
          "line": 48,
          "column": 19
        },
        "end": {
          "line": 48,
          "column": 35
        }
      },
      "15": {
        "start": {
          "line": 49,
          "column": 18
        },
        "end": {
          "line": 49,
          "column": 63
        }
      },
      "16": {
        "start": {
          "line": 49,
          "column": 44
        },
        "end": {
          "line": 49,
          "column": 62
        }
      },
      "17": {
        "start": {
          "line": 50,
          "column": 19
        },
        "end": {
          "line": 60,
          "column": 3
        }
      },
      "18": {
        "start": {
          "line": 51,
          "column": 4
        },
        "end": {
          "line": 51,
          "column": 36
        }
      },
      "19": {
        "start": {
          "line": 51,
          "column": 21
        },
        "end": {
          "line": 51,
          "column": 28
        }
      },
      "20": {
        "start": {
          "line": 52,
          "column": 22
        },
        "end": {
          "line": 55,
          "column": 5
        }
      },
      "21": {
        "start": {
          "line": 56,
          "column": 4
        },
        "end": {
          "line": 59,
          "column": 16
        }
      },
      "22": {
        "start": {
          "line": 56,
          "column": 21
        },
        "end": {
          "line": 59,
          "column": 8
        }
      },
      "23": {
        "start": {
          "line": 61,
          "column": 2
        },
        "end": {
          "line": 257,
          "column": 11
        }
      },
      "24": {
        "start": {
          "line": 98,
          "column": 43
        },
        "end": {
          "line": 102,
          "column": 16
        }
      },
      "25": {
        "start": {
          "line": 168,
          "column": 119
        },
        "end": {
          "line": 174,
          "column": 14
        }
      },
      "26": {
        "start": {
          "line": 259,
          "column": 0
        },
        "end": {
          "line": 261,
          "column": 3
        }
      },
      "27": {
        "start": {
          "line": 260,
          "column": 2
        },
        "end": {
          "line": 260,
          "column": 66
        }
      },
      "28": {
        "start": {
          "line": 262,
          "column": 0
        },
        "end": {
          "line": 262,
          "column": 10
        }
      },
      "29": {
        "start": {
          "line": 265,
          "column": 0
        },
        "end": {
          "line": 265,
          "column": 25
        }
      },
      "30": {
        "start": {
          "line": 266,
          "column": 0
        },
        "end": {
          "line": 282,
          "column": 1
        }
      },
      "31": {
        "start": {
          "line": 267,
          "column": 2
        },
        "end": {
          "line": 267,
          "column": 39
        }
      },
      "32": {
        "start": {
          "line": 268,
          "column": 2
        },
        "end": {
          "line": 268,
          "column": 39
        }
      },
      "33": {
        "start": {
          "line": 269,
          "column": 2
        },
        "end": {
          "line": 281,
          "column": 5
        }
      },
      "34": {
        "start": {
          "line": 273,
          "column": 4
        },
        "end": {
          "line": 273,
          "column": 167
        }
      },
      "35": {
        "start": {
[...]
            "column": 9
          },
          "end": {
            "line": 57,
            "column": 10
          }
        },
        "loc": {
          "start": {
            "line": 57,
            "column": 29
          },
          "end": {
            "line": 66,
            "column": 3
          }
        },
        "line": 57
      },
      "3": {
        "name": "(anonymous_3)",
        "decl": {
          "start": {
            "line": 59,
            "column": 27
          },
          "end": {
            "line": 59,
            "column": 28
          }
        },
        "loc": {
          "start": {
            "line": 59,
            "column": 44
          },
          "end": {
            "line": 65,
            "column": 5
          }
        },
        "line": 59
      }
    },
    "branchMap": {
      "0": {
        "loc": {
          "start": {
            "line": 5,
            "column": 0
          },
          "end": {
            "line": 15,
            "column": 1
          }
        },
        "type": "if",
        "locations": [
          {
            "start": {
              "line": 5,
              "column": 0
            },
            "end": {
              "line": 15,
              "column": 1
            }
          },
          {
            "start": {},
            "end": {}
          }
        ],
        "line": 5
      },
      "1": {
        "loc": {
          "start": {
            "line": 6,
            "column": 2
          },
          "end": {
            "line": 8,
            "column": 3
          }
        },
        "type": "if",
        "locations": [
          {
            "start": {
              "line": 6,
              "column": 2
            },
            "end": {
              "line": 8,
              "column": 3
            }
          },
          {
            "start": {},
            "end": {}
          }
        ],
        "line": 6
      },
      "2": {
        "loc": {
          "start": {
            "line": 51,
            "column": 0
          },
          "end": {
            "line": 67,
            "column": 1
          }
        },
        "type": "if",
        "locations": [
          {
            "start": {
              "line": 51,
              "column": 0
            },
            "end": {
              "line": 67,
              "column": 1
            }
          },
          {
            "start": {},
            "end": {}
          }
        ],
        "line": 51
      },
      "3": {
        "loc": {
          "start": {
            "line": 60,
            "column": 6
          },
          "end": {
            "line": 61,
            "column": 15
          }
        },
        "type": "if",
        "locations": [
          {
            "start": {
              "line": 60,
              "column": 6
            },
            "end": {
              "line": 61,
              "column": 15
            }
          },
          {
            "start": {},
            "end": {}
          }
        ],
        "line": 60
      },
      "4": {
        "loc": {
          "start": {
            "line": 63,
            "column": 6
          },
          "end": {
            "line": 64,
            "column": 54
          }
        },
        "type": "if",
        "locations": [
          {
            "start": {
              "line": 63,
              "column": 6
            },
            "end": {
              "line": 64,
              "column": 54
            }
          },
          {
            "start": {},
            "end": {}
          }
        ],
        "line": 63
      }
    },
    "s": {
      "0": 11,
      "1": 11,
      "2": 0,
      "3": 11,
      "4": 11,
      "5": 11,
      "6": 11,
      "7": 11,
      "8": 11,
      "9": 11,
      "10": 11,
      "11": 11,
      "12": 11,
      "13": 11,
      "14": 11,
      "15": 11,
      "16": 10,
      "17": 10,
      "18": 0,
      "19": 0,
      "20": 0,
      "21": 0,
      "22": 0
    },
    "f": {
      "0": 11,
      "1": 11,
      "2": 10,
      "3": 0
    },
    "b": {
      "0": [
        11,
        0
      ],
      "1": [
        0,
        11
      ],
      "2": [
        11,
        0
      ],
      "3": [
        0,
        0
      ],
      "4": [
        0,
        0
      ]
    },
    "inputSourceMap": {
      "version": 3,
      "mappings": "AAQI,mBACE,cADF;AARJ,OAAOA,oBAAkB;AAAA;AAAA;AAAA;AAAA;AAAA;AAAA;AAAA;AAAA;AAAA;AAAA;AAAA;AAAA;AAAA;AACzB,SAASC,cAAc;AACvB,OAAOC,YAAY;AACnB,OAAOC,YAAY;AACnB,OAAOC,YAAY;AAEnB,MAAMC,SAASA,MAAmB;AAChC,SACE,mCACE;AAAA,2BAAC,YAAD;AAAA;AAAA;AAAA;AAAA,WAAO;AAAA,IACP,uBAAC,UAAK,WAAWD,OAAOE,MACtB,iCAAC,YAAD;AAAA;AAAA;AAAA;AAAA,WAAO,KADT;AAAA;AAAA;AAAA;AAAA,WAEA;AAAA,IACA,uBAAC,YAAD;AAAA;AAAA;AAAA;AAAA,WAAO;AAAA,OALT;AAAA;AAAA;AAAA;AAAA,SAMA;AAEJ;AAAEC,KAVIF;AAYN,eAAeA;AAAO;AAAAG",
      "names": [
        "React",
        "Outlet",
        "Footer",
        "Header",
        "styles",
        "Layout",
        "main",
        "_c",
        "$RefreshReg$"
      ],
      "sources": [
        "/Users/elukashova/Desktop/rs-school/stage03/rs-react/src/pages/Layout.tsx"
      ],
      "file": "/Users/elukashova/Desktop/rs-school/stage03/rs-react/src/pages/Layout.tsx"
    },
    "_coverageSchema": "1a1c01bbd47fc00a2c39e90264f33305004495a9",
    "hash": "bcbebc63975e7cc6b6f519e09a36dbd9036b56c1"
  },
  "/Users/elukashova/Desktop/rs-school/stage03/rs-react/src/App.tsx": {
    "path": "/Users/elukashova/Desktop/rs-school/stage03/rs-react/src/App.tsx",
    "statementMap": {
      "0": {
        "start": {
          "line": 5,
          "column": 0
        },
        "end": {
          "line": 15,
          "column": 1
        }
      },
      "1": {
        "start": {
          "line": 6,
          "column": 2
        },
        "end": {
          "line": 8,
          "column": 3
        }
      },
      "2": {
        "start": {
          "line": 7,
          "column": 4
        },
        "end": {
          "line": 7,
          "column": 165
        }
      },
      "3": {
        "start": {
          "line": 9,
          "column": 2
        },
        "end": {
          "line": 9,
          "column": 39
        }
      },
      "4": {
        "start": {
          "line": 10,
          "column": 2
        },
        "end": {
          "line": 10,
          "column": 39
        }
      },
      "5": {
        "start": {
          "line": 11,
          "column": 2
        },
        "end": {
          "line": 13,
          "column": 4
        }
      },
      "6": {
        "start": {
          "line": 12,
          "column": 4
        },
        "end": {
          "line": 12,
          "column": 108
        }
      },
      "7": {
        "start": {
          "line": 14,
          "column": 2
        },
        "end": {
          "line": 14,
          "column": 75
        }
      },
      "8": {
        "start": {
          "line": 19,
          "column": 12
        },
        "end": {
          "line": 40,
          "column": 1
        }
      },
      "9": {
        "start": {
          "line": 20,
          "column": 2
        },
        "end": {
          "line": 39,
          "column": 11
        }
      },
      "10": {
        "start": {
          "line": 26,
          "column": 4
        },
        "end": {
          "line": 30,
          "column": 13
        }
      },
      "11": {
        "start": {
          "line": 41,
          "column": 0
        },
        "end": {
          "line": 41,
          "column": 9
        }
      },
      "12": {
        "start": {
          "line": 44,
          "column": 0
        },
        "end": {
          "line": 44,
          "column": 24
        }
      },
      "13": {
        "start": {
          "line": 45,
          "column": 0
        },
        "end": {
          "line": 61,
          "column": 1
        }
      },
      "14": {
        "start": {
          "line": 46,
          "column": 2
        },
        "end": {
          "line": 46,
          "column": 39
        }
      },
      "15": {
        "start": {
          "line": 47,
          "column": 2
        },
        "end": {
          "line": 47,
          "column": 39
        }
      },
      "16": {
        "start": {
          "line": 48,
          "column": 2
        },
        "end": {
          "line": 60,
          "column": 5
        }
      },
      "17": {
        "start": {
          "line": 52,
          "column": 4
        },
        "end": {
          "line": 52,
          "column": 134
        }
      },
      "18": {
        "start": {
          "line": 53,
          "column": 4
        },
        "end": {
          "line": 59,
          "column": 7
        }
      },
      "19": {
        "start": {
          "line": 54,
          "column": 6
        },
        "end": {
          "line": 55,
          "column": 15
        }
      },
      "20": {
        "start": {
          "line": 55,
          "column": 8
        },
        "end": {
          "line": 55,
          "column": 15
        }
      },
      "21": {
        "start": {
          "line": 56,
          "column": 32
        },
        "end": {
          "line": 56,
          "column": 115
        }
      },
      "22": {
        "start": {
          "line": 57,
          "column": 6
        },
        "end": {
          "line": 58,
          "column": 54
        }
      },
      "23": {
        "start": {
          "line": 58,
          "column": 8
        },
        "end": {
          "line": 58,
          "column": 54
        }
      }
    },
    "fnMap": {
      "0": {
        "name": "(anonymous_0)",
        "decl": {
          "start": {
            "line": 11,
            "column": 24
          },
          "end": {
            "line": 11,
            "column": 25
          }
        },
        "loc": {
          "start": {
            "line": 11,
            "column": 38
          },
          "end": {
            "line": 13,
            "column": 3
          }
        },
        "line": 11
      },
      "1": {
        "name": "(anonymous_1)",
        "decl": {
          "start": {
            "line": 19,
            "column": 12
          },
          "end": {
            "line": 19,
            "column": 13
          }
        },
        "loc": {
          "start": {
            "line": 19,
            "column": 18
          },
          "end": {
            "line": 40,
            "column": 1
          }
        },
        "line": 19
      },
      "2": {
        "name": "(anonymous_2)",
        "decl": {
          "start": {
            "line": 20,
            "column": 159
          },
          "end": {
            "line": 20,
            "column": 160
          }
        },
        "loc": {
          "start": {
            "line": 25,
            "column": 8
          },
          "end": {
            "line": 31,
            "column": 3
          }
        },
        "line": 25
      },
      "3": {
        "name": "(anonymous_3)",
        "decl": {
          "start": {
            "line": 51,
            "column": 9
          },
          "end": {
            "line": 51,
            "column": 10
          }
        },
        "loc": {
          "start": {
            "line": 51,
            "column": 29
          },
          "end": {
            "line": 60,
            "column": 3
          }
        },
        "line": 51
      },
      "4": {
        "name": "(anonymous_4)",
        "decl": {
          "start": {
            "line": 53,
            "column": 27
          },
          "end": {
            "line": 53,
            "column": 28
          }
        },
        "loc": {
          "start": {
            "line": 53,
            "column": 44
          },
          "end": {
            "line": 59,
            "column": 5
          }
        },
        "line": 53
      }
    },
    "branchMap": {
      "0": {
        "loc": {
          "start": {
            "line": 5,
            "column": 0
          },
          "end": {
            "line": 15,
            "column": 1
          }
        },
        "type": "if",
        "locations": [
          {
            "start": {
              "line": 5,
              "column": 0
            },
            "end": {
              "line": 15,
              "column": 1
            }
          },
          {
            "start": {},
            "end": {}
          }
        ],
        "line": 5
      },
      "1": {
        "loc": {
          "start": {
            "line": 6,
            "column": 2
          },
          "end": {
            "line": 8,
            "column": 3
          }
        },
        "type": "if",
        "locations": [
          {
            "start": {
              "line": 6,
              "column": 2
            },
            "end": {
              "line": 8,
              "column": 3
            }
          },
          {
            "start": {},
            "end": {}
          }
        ],
        "line": 6
      },
      "2": {
        "loc": {
          "start": {
            "line": 26,
            "column": 49
          },
          "end": {
            "line": 26,
            "column": 66
          }
        },
        "type": "cond-expr",
        "locations": [
          {
            "start": {
              "line": 26,
              "column": 57
            },
            "end": {
              "line": 26,
              "column": 59
            }
          },
          {
            "start": {
              "line": 26,
              "column": 62
            },
            "end": {
              "line": 26,
              "column": 66
            }
          }
        ],
        "line": 26
      },
      "3": {
        "loc": {
          "start": {
            "line": 45,
            "column": 0
          },
          "end": {
            "line": 61,
            "column": 1
          }
        },
        "type": "if",
        "locations": [
          {
            "start": {
              "line": 45,
              "column": 0
            },
            "end": {
              "line": 61,
              "column": 1
            }
          },
          {
            "start": {},
            "end": {}
          }
        ],
        "line": 45
      },
      "4": {
        "loc": {
          "start": {
            "line": 54,
            "column": 6
          },
          "end": {
            "line": 55,
            "column": 15
          }
        },
        "type": "if",
        "locations": [
          {
            "start": {
              "line": 54,
              "column": 6
            },
            "end": {
              "line": 55,
              "column": 15
            }
          },
          {
            "start": {},
            "end": {}
          }
        ],
        "line": 54
      },
      "5": {
        "loc": {
          "start": {
            "line": 57,
            "column": 6
          },
          "end": {
            "line": 58,
            "column": 54
          }
        },
        "type": "if",
        "locations": [
          {
            "start": {
              "line": 57,
              "column": 6
            },
            "end": {
              "line": 58,
              "column": 54
            }
          },
          {
            "start": {},
            "end": {}
          }
        ],
        "line": 57
      }
    },
    "s": {
      "0": 11,
      "1": 11,
      "2": 0,
      "3": 11,
      "4": 11,
      "5": 11,
      "6": 11,
      "7": 11,
      "8": 11,
      "9": 11,
      "10": 44,
      "11": 11,
      "12": 11,
      "13": 11,
      "14": 11,
      "15": 11,
      "16": 11,
      "17": 10,
      "18": 10,
      "19": 0,
      "20": 0,
      "21": 0,
      "22": 0,
      "23": 0
    },
    "f": {
      "0": 11,
      "1": 11,
      "2": 44,
      "3": 10,
      "4": 0
    },
    "b": {
      "0": [
        11,
        0
      ],
      "1": [
        0,
        11
      ],
      "2": [
        11,
        33
      ],
      "3": [
        11,
        0
      ],
      "4": [
        0,
        0
      ],
      "5": [
        0,
        0
      ]
    },
    "inputSourceMap": {
      "version": 3,
      "mappings": "AAUiB;AAVjB,OAAOA,oBAAkB;AAAA;AAAA;AAAA;AAAA;AAAA;AAAA;AAAA;AAAA;AAAA;AAAA;AAAA;AAAA;AAAA;AACzB,SAASC,OAAOC,cAAc;AAC9B,OAAOC,YAAY;AACnB,OAAO;AAEP,MAAMC,MAAMA,MAAmB;AAC7B,SACE,uBAAC,UACC,iCAAC,SAAM,MAAMD,OAAOE,MAAM,SAASF,OAAOG,SACvCH,iBAAOI,UAAUC,IAAI,CAAC;AAAA,IAAEC;AAAAA,IAAKC;AAAAA,IAAOL;AAAAA,IAAMC;AAAAA,EAAQ,MAAM;AACvD,WAAO,uBAAC,SAAgB,MAAMI,QAAQ,KAAKL,MAAM,OAAc,WAA5CI,KAAZ;AAAA;AAAA;AAAA;AAAA,WAAyE;AAAA,EAClF,CAAC,KAHH;AAAA;AAAA;AAAA;AAAA,SAIA,KALF;AAAA;AAAA;AAAA;AAAA,SAMA;AAEJ;AAAEE,KAVIP;AAYN,eAAeA;AAAI;AAAAQ",
      "names": [
        "React",
        "Route",
        "Routes",
        "ROUTES",
        "App",
        "path",
        "element",
        "subroutes",
        "map",
        "key",
        "index",
        "_c",
        "$RefreshReg$"
      ],
      "sources": [
        "/Users/elukashova/Desktop/rs-school/stage03/rs-react/src/App.tsx"
      ],
      "file": "/Users/elukashova/Desktop/rs-school/stage03/rs-react/src/App.tsx"
    },
    "_coverageSchema": "1a1c01bbd47fc00a2c39e90264f33305004495a9",
    "hash": "1b91255c5e2ded6b64b88b41779e4718bc0ceed1"
  },
  "/Users/elukashova/Desktop/rs-school/stage03/rs-react/src/entry-client.tsx": {
    "path": "/Users/elukashova/Desktop/rs-school/stage03/rs-react/src/entry-client.tsx",
    "statementMap": {
      "0": {
        "start": {
          "line": 7,
          "column": 0
        },
        "end": {
          "line": 19,
          "column": 10
        }
      }
    },
    "fnMap": {},
    "branchMap": {},
    "s": {
      "0": 11
    },
    "f": {},
    "b": {},
    "inputSourceMap": {
      "version": 3,
      "mappings": "AAWM;AAVN,SAASA,mBAAmB;AAC5B,SAASC,gBAAgB;AACzB,SAASC,qBAAqB;AAC9B,OAAOC,SAAS;AAChB,OAAOC,WAAW;AAElBJ,YACEK,SAASC,eAAe,MAAM,GAC9B,uBAAC,YAAS,OACR,iCAAC,iBACC,iCAAC,SAAD;AAAA;AAAA;AAAA;AAAA,OAAI,KADN;AAAA;AAAA;AAAA;AAAA,OAEA,KAHF;AAAA;AAAA;AAAA;AAAA,OAIA,CAAW",
      "names": [
        "hydrateRoot",
        "Provider",
        "BrowserRouter",
        "App",
        "store",
        "document",
        "getElementById"
      ],
      "sources": [
        "/Users/elukashova/Desktop/rs-school/stage03/rs-react/src/entry-client.tsx"
      ],
      "file": "/Users/elukashova/Desktop/rs-school/stage03/rs-react/src/entry-client.tsx"
    },
    "_coverageSchema": "1a1c01bbd47fc00a2c39e90264f33305004495a9",
    "hash": "c68562939d9b32aa84ebcb25cd91152c29465041"
  },
  "/Users/elukashova/Desktop/rs-school/stage03/rs-react/src/test/setupTests.ts": {
    "path": "/Users/elukashova/Desktop/rs-school/stage03/rs-react/src/test/setupTests.ts",
    "statementMap": {},
    "fnMap": {},
    "branchMap": {},
    "s": {},
    "f": {},
    "b": {}
  },
  "/Users/elukashova/Desktop/rs-school/stage03/rs-react/src/entry-server.tsx": {
    "path": "/Users/elukashova/Desktop/rs-school/stage03/rs-react/src/entry-server.tsx",
    "statementMap": {},
    "fnMap": {},
    "branchMap": {},
    "s": {},
    "f": {},
    "b": {}
  },
  "/Users/elukashova/Desktop/rs-school/stage03/rs-react/src/mocks/handlers.tsx": {
    "path": "/Users/elukashova/Desktop/rs-school/stage03/rs-react/src/mocks/handlers.tsx",
    "statementMap": {},
    "fnMap": {},
    "branchMap": {},
    "s": {},
    "f": {},
    "b": {}
  },
  "/Users/elukashova/Desktop/rs-school/stage03/rs-react/src/mocks/server.tsx": {
    "path": "/Users/elukashova/Desktop/rs-school/stage03/rs-react/src/mocks/server.tsx",
    "statementMap": {},
    "fnMap": {},
    "branchMap": {},
    "s": {},
    "f": {},
    "b": {}
  },
  "/Users/elukashova/Desktop/rs-school/stage03/rs-react/src/test/test-utils.tsx": {
    "path": "/Users/elukashova/Desktop/rs-school/stage03/rs-react/src/test/test-utils.tsx",
    "statementMap": {},
    "fnMap": {},
    "branchMap": {},
    "s": {},
    "f": {},
    "b": {}
  }
}
